2023-05-03 12:29:34,962 [Worker-5: Loading available Gradle versions] INFO  o.e.b.c.i.u.g.PublishedGradleVersions - Gradle version information cache is up-to-date. Trying to read.
2023-05-03 12:32:33,004 [main] INFO  org.hibernate.cfg.Environment - Hibernate 3.5.6-Final
2023-05-03 12:32:33,022 [main] INFO  org.hibernate.cfg.Environment - hibernate.properties not found
2023-05-03 12:32:33,026 [main] INFO  org.hibernate.cfg.Environment - Bytecode provider name : javassist
2023-05-03 12:32:33,033 [main] INFO  org.hibernate.cfg.Environment - using JDK 1.4 java.sql.Timestamp handling
2023-05-03 12:40:33,514 [Worker-11: Launching mavenrun-ca01ff28-1c92-4104-9120-a062808957e3] INFO  o.e.m.i.launch.MavenLaunchDelegate - G:\JAVA_FRAMWORK\HIBERNATE
2023-05-03 12:40:33,525 [Worker-11: Launching mavenrun-ca01ff28-1c92-4104-9120-a062808957e3] INFO  o.e.m.i.launch.MavenLaunchDelegate -  mvn -DarchetypeVersion=1.1 -Dpackage=com.hibernate -DarchetypeGroupId=org.apache.maven.archetypes -DarchetypeArtifactId=maven-archetype-quickstart -DgroupId=com.hibernate -DartifactId=HibernateCORE -DoutputDirectory=G:\JAVA_FRAMWORK\HIBERNATE -Dversion=0.0.1-SNAPSHOT -Dstyle.color=always -U archetype:generate
2023-05-03 12:41:06,773 [Worker-15: Creating maven-archetype-quickstart] INFO  o.e.m.c.i.p.ProjectConfigurationManager - Collecting project info '/pom.xml' G:\JAVA_FRAMWORK\HIBERNATE\HibernateCORE\pom.xml
2023-05-03 12:41:08,535 [Worker-15: Creating maven-archetype-quickstart] INFO  o.e.m.c.i.l.LifecycleMappingFactory - Using org.eclipse.m2e.jdt.JarLifecycleMapping lifecycle mapping for MavenProject: com.hibernate:HibernateCORE:0.0.1-SNAPSHOT @ G:\JAVA_FRAMWORK\HIBERNATE\HibernateCORE\pom.xml.
2023-05-03 12:41:09,663 [Worker-15: Creating maven-archetype-quickstart] INFO  o.e.m.j.i.AbstractJavaProjectConfigurator - Adding source folder /HibernateCORE/src/main/java
2023-05-03 12:41:09,670 [Worker-15: Creating maven-archetype-quickstart] INFO  o.e.m.j.i.AbstractJavaProjectConfigurator - Adding source folder /HibernateCORE/src/test/java
2023-05-03 12:41:10,921 [Worker-3: Building] INFO  o.e.m.c.i.embedder.EclipseLogger - Using 'UTF-8' encoding to copy filtered resources.
2023-05-03 12:41:10,922 [Worker-3: Building] INFO  o.e.m.c.i.embedder.EclipseLogger - skip non existing resourceDirectory G:\JAVA_FRAMWORK\HIBERNATE\HibernateCORE\src\main\resources
2023-05-03 12:41:10,940 [Worker-3: Building] INFO  o.e.m.c.i.embedder.EclipseLogger - Using 'UTF-8' encoding to copy filtered resources.
2023-05-03 12:41:10,948 [Worker-3: Building] INFO  o.e.m.c.i.embedder.EclipseLogger - skip non existing resourceDirectory G:\JAVA_FRAMWORK\HIBERNATE\HibernateCORE\src\test\resources
2023-05-03 12:43:00,179 [Worker-0: Building] INFO  o.e.m.c.i.l.LifecycleMappingFactory - Using org.eclipse.m2e.jdt.JarLifecycleMapping lifecycle mapping for MavenProject: com.hibernate:HibernateCORE:0.0.1-SNAPSHOT @ G:\JAVA_FRAMWORK\HIBERNATE\HibernateCORE\pom.xml.
2023-05-03 12:43:00,764 [Worker-0: Building] INFO  o.e.m.c.i.embedder.EclipseLogger - Using 'UTF-8' encoding to copy filtered resources.
2023-05-03 12:43:00,765 [Worker-0: Building] INFO  o.e.m.c.i.embedder.EclipseLogger - skip non existing resourceDirectory G:\JAVA_FRAMWORK\HIBERNATE\HibernateCORE\src\main\resources
2023-05-03 12:43:00,769 [Worker-0: Building] INFO  o.e.m.c.i.embedder.EclipseLogger - Using 'UTF-8' encoding to copy filtered resources.
2023-05-03 12:43:00,770 [Worker-0: Building] INFO  o.e.m.c.i.embedder.EclipseLogger - skip non existing resourceDirectory G:\JAVA_FRAMWORK\HIBERNATE\HibernateCORE\src\test\resources
2023-05-03 12:43:01,814 [Worker-3: Building] INFO  o.e.m.c.i.embedder.EclipseLogger - Using 'UTF-8' encoding to copy filtered resources.
2023-05-03 12:43:01,814 [Worker-3: Building] INFO  o.e.m.c.i.embedder.EclipseLogger - skip non existing resourceDirectory G:\JAVA_FRAMWORK\HIBERNATE\HibernateCORE\src\main\resources
2023-05-03 12:43:01,829 [Worker-3: Building] INFO  o.e.m.c.i.embedder.EclipseLogger - Using 'UTF-8' encoding to copy filtered resources.
2023-05-03 12:43:01,829 [Worker-3: Building] INFO  o.e.m.c.i.embedder.EclipseLogger - skip non existing resourceDirectory G:\JAVA_FRAMWORK\HIBERNATE\HibernateCORE\src\test\resources
2023-05-03 12:43:32,896 [Worker-4: Building] INFO  o.e.m.c.i.embedder.EclipseLogger - Using 'UTF-8' encoding to copy filtered resources.
2023-05-03 12:43:32,897 [Worker-4: Building] INFO  o.e.m.c.i.embedder.EclipseLogger - skip non existing resourceDirectory G:\JAVA_FRAMWORK\HIBERNATE\HibernateCORE\src\main\resources
2023-05-03 12:43:32,914 [Worker-4: Building] INFO  o.e.m.c.i.embedder.EclipseLogger - Using 'UTF-8' encoding to copy filtered resources.
2023-05-03 12:43:32,914 [Worker-4: Building] INFO  o.e.m.c.i.embedder.EclipseLogger - skip non existing resourceDirectory G:\JAVA_FRAMWORK\HIBERNATE\HibernateCORE\src\test\resources
2023-05-03 12:43:42,086 [Worker-1: Updating Maven Project] INFO  o.e.m.c.i.p.ProjectConfigurationManager - Update started
2023-05-03 12:43:42,910 [Worker-1: Updating Maven Project] INFO  o.e.m.c.i.l.LifecycleMappingFactory - Using org.eclipse.m2e.jdt.JarLifecycleMapping lifecycle mapping for MavenProject: com.hibernate:HibernateCORE:0.0.1-SNAPSHOT @ G:\JAVA_FRAMWORK\HIBERNATE\HibernateCORE\pom.xml.
2023-05-03 12:43:43,411 [Worker-1: Updating Maven Project] INFO  o.e.m.j.i.AbstractJavaProjectConfigurator - Adding source folder /HibernateCORE/src/main/java
2023-05-03 12:43:43,413 [Worker-1: Updating Maven Project] INFO  o.e.m.j.i.AbstractJavaProjectConfigurator - Adding source folder /HibernateCORE/src/test/java
2023-05-03 12:43:44,104 [Worker-0: Building] INFO  o.e.m.c.i.embedder.EclipseLogger - Using 'UTF-8' encoding to copy filtered resources.
2023-05-03 12:43:44,105 [Worker-0: Building] INFO  o.e.m.c.i.embedder.EclipseLogger - skip non existing resourceDirectory G:\JAVA_FRAMWORK\HIBERNATE\HibernateCORE\src\main\resources
2023-05-03 12:43:44,115 [Worker-0: Building] INFO  o.e.m.c.i.embedder.EclipseLogger - Using 'UTF-8' encoding to copy filtered resources.
2023-05-03 12:43:44,115 [Worker-0: Building] INFO  o.e.m.c.i.embedder.EclipseLogger - skip non existing resourceDirectory G:\JAVA_FRAMWORK\HIBERNATE\HibernateCORE\src\test\resources
2023-05-03 12:46:11,491 [Worker-0: Building] INFO  o.e.m.c.i.embedder.EclipseLogger - Using 'UTF-8' encoding to copy filtered resources.
2023-05-03 12:46:11,492 [Worker-0: Building] INFO  o.e.m.c.i.embedder.EclipseLogger - skip non existing resourceDirectory G:\JAVA_FRAMWORK\HIBERNATE\HibernateCORE\src\main\resources
2023-05-03 12:46:11,495 [Worker-0: Building] INFO  o.e.m.c.i.embedder.EclipseLogger - Using 'UTF-8' encoding to copy filtered resources.
2023-05-03 12:46:11,496 [Worker-0: Building] INFO  o.e.m.c.i.embedder.EclipseLogger - skip non existing resourceDirectory G:\JAVA_FRAMWORK\HIBERNATE\HibernateCORE\src\test\resources
2023-05-03 12:47:00,713 [Worker-13: Building] INFO  o.e.m.c.i.embedder.EclipseLogger - Using 'UTF-8' encoding to copy filtered resources.
2023-05-03 12:47:00,713 [Worker-13: Building] INFO  o.e.m.c.i.embedder.EclipseLogger - skip non existing resourceDirectory G:\JAVA_FRAMWORK\HIBERNATE\HibernateCORE\src\main\resources
2023-05-03 12:47:00,717 [Worker-13: Building] INFO  o.e.m.c.i.embedder.EclipseLogger - Using 'UTF-8' encoding to copy filtered resources.
2023-05-03 12:47:00,717 [Worker-13: Building] INFO  o.e.m.c.i.embedder.EclipseLogger - skip non existing resourceDirectory G:\JAVA_FRAMWORK\HIBERNATE\HibernateCORE\src\test\resources
2023-05-03 12:47:24,352 [Worker-17: Building] INFO  o.e.m.c.i.embedder.EclipseLogger - Using 'UTF-8' encoding to copy filtered resources.
2023-05-03 12:47:24,352 [Worker-17: Building] INFO  o.e.m.c.i.embedder.EclipseLogger - skip non existing resourceDirectory G:\JAVA_FRAMWORK\HIBERNATE\HibernateCORE\src\main\resources
2023-05-03 12:47:24,356 [Worker-17: Building] INFO  o.e.m.c.i.embedder.EclipseLogger - Using 'UTF-8' encoding to copy filtered resources.
2023-05-03 12:47:24,357 [Worker-17: Building] INFO  o.e.m.c.i.embedder.EclipseLogger - skip non existing resourceDirectory G:\JAVA_FRAMWORK\HIBERNATE\HibernateCORE\src\test\resources
2023-05-03 12:47:52,311 [Worker-0: Building] INFO  o.e.m.c.i.embedder.EclipseLogger - Using 'UTF-8' encoding to copy filtered resources.
2023-05-03 12:47:52,312 [Worker-0: Building] INFO  o.e.m.c.i.embedder.EclipseLogger - skip non existing resourceDirectory G:\JAVA_FRAMWORK\HIBERNATE\HibernateCORE\src\main\resources
2023-05-03 12:47:52,315 [Worker-0: Building] INFO  o.e.m.c.i.embedder.EclipseLogger - Using 'UTF-8' encoding to copy filtered resources.
2023-05-03 12:47:52,317 [Worker-0: Building] INFO  o.e.m.c.i.embedder.EclipseLogger - skip non existing resourceDirectory G:\JAVA_FRAMWORK\HIBERNATE\HibernateCORE\src\test\resources
2023-05-03 12:48:02,187 [Worker-0: Building] INFO  o.e.m.c.i.embedder.EclipseLogger - Using 'UTF-8' encoding to copy filtered resources.
2023-05-03 12:48:02,188 [Worker-0: Building] INFO  o.e.m.c.i.embedder.EclipseLogger - skip non existing resourceDirectory G:\JAVA_FRAMWORK\HIBERNATE\HibernateCORE\src\main\resources
2023-05-03 12:48:02,190 [Worker-0: Building] INFO  o.e.m.c.i.embedder.EclipseLogger - Using 'UTF-8' encoding to copy filtered resources.
2023-05-03 12:48:02,191 [Worker-0: Building] INFO  o.e.m.c.i.embedder.EclipseLogger - skip non existing resourceDirectory G:\JAVA_FRAMWORK\HIBERNATE\HibernateCORE\src\test\resources
2023-05-03 12:48:59,254 [Worker-15: Building] INFO  o.e.m.c.i.embedder.EclipseLogger - Using 'UTF-8' encoding to copy filtered resources.
2023-05-03 12:48:59,254 [Worker-15: Building] INFO  o.e.m.c.i.embedder.EclipseLogger - skip non existing resourceDirectory G:\JAVA_FRAMWORK\HIBERNATE\HibernateCORE\src\main\resources
2023-05-03 12:48:59,257 [Worker-15: Building] INFO  o.e.m.c.i.embedder.EclipseLogger - Using 'UTF-8' encoding to copy filtered resources.
2023-05-03 12:48:59,257 [Worker-15: Building] INFO  o.e.m.c.i.embedder.EclipseLogger - skip non existing resourceDirectory G:\JAVA_FRAMWORK\HIBERNATE\HibernateCORE\src\test\resources
2023-05-03 12:50:46,739 [Worker-0: Launching mavenrun-d7c98d33-50c2-47e5-9762-188842838b5b] INFO  o.e.m.i.launch.MavenLaunchDelegate - G:\JAVA_FRAMWORK\HIBERNATE
2023-05-03 12:50:46,740 [Worker-0: Launching mavenrun-d7c98d33-50c2-47e5-9762-188842838b5b] INFO  o.e.m.i.launch.MavenLaunchDelegate -  mvn -DarchetypeVersion=1.1 -Dpackage=com.hibernate -DarchetypeGroupId=org.apache.maven.archetypes -DarchetypeArtifactId=maven-archetype-quickstart -DgroupId=com.hibernate -DartifactId=HibernateCORE -DoutputDirectory=G:\JAVA_FRAMWORK\HIBERNATE -Dversion=0.0.1-SNAPSHOT -Dstyle.color=always -U archetype:generate
2023-05-03 12:51:10,049 [Worker-12: Creating maven-archetype-quickstart] INFO  o.e.m.c.i.p.ProjectConfigurationManager - Collecting project info '/pom.xml' G:\JAVA_FRAMWORK\HIBERNATE\HibernateCORE\pom.xml
2023-05-03 12:51:10,911 [Worker-12: Creating maven-archetype-quickstart] INFO  o.e.m.c.i.l.LifecycleMappingFactory - Using org.eclipse.m2e.jdt.JarLifecycleMapping lifecycle mapping for MavenProject: com.hibernate:HibernateCORE:0.0.1-SNAPSHOT @ G:\JAVA_FRAMWORK\HIBERNATE\HibernateCORE\pom.xml.
2023-05-03 12:51:11,424 [Worker-12: Creating maven-archetype-quickstart] INFO  o.e.m.j.i.AbstractJavaProjectConfigurator - Adding source folder /HibernateCORE/src/main/java
2023-05-03 12:51:11,428 [Worker-12: Creating maven-archetype-quickstart] INFO  o.e.m.j.i.AbstractJavaProjectConfigurator - Adding source folder /HibernateCORE/src/test/java
2023-05-03 12:51:11,875 [Worker-15: Building] INFO  o.e.m.c.i.embedder.EclipseLogger - Using 'UTF-8' encoding to copy filtered resources.
2023-05-03 12:51:11,875 [Worker-15: Building] INFO  o.e.m.c.i.embedder.EclipseLogger - skip non existing resourceDirectory G:\JAVA_FRAMWORK\HIBERNATE\HibernateCORE\src\main\resources
2023-05-03 12:51:11,884 [Worker-15: Building] INFO  o.e.m.c.i.embedder.EclipseLogger - Using 'UTF-8' encoding to copy filtered resources.
2023-05-03 12:51:11,884 [Worker-15: Building] INFO  o.e.m.c.i.embedder.EclipseLogger - skip non existing resourceDirectory G:\JAVA_FRAMWORK\HIBERNATE\HibernateCORE\src\test\resources
2023-05-03 12:52:14,033 [Worker-13: Building] INFO  o.e.m.c.i.embedder.EclipseLogger - Using 'UTF-8' encoding to copy filtered resources.
2023-05-03 12:52:14,034 [Worker-13: Building] INFO  o.e.m.c.i.embedder.EclipseLogger - skip non existing resourceDirectory G:\JAVA_FRAMWORK\HIBERNATE\HibernateCORE\src\main\resources
2023-05-03 12:52:14,038 [Worker-13: Building] INFO  o.e.m.c.i.embedder.EclipseLogger - Using 'UTF-8' encoding to copy filtered resources.
2023-05-03 12:52:14,038 [Worker-13: Building] INFO  o.e.m.c.i.embedder.EclipseLogger - skip non existing resourceDirectory G:\JAVA_FRAMWORK\HIBERNATE\HibernateCORE\src\test\resources
2023-05-03 12:53:09,757 [Worker-16: Building] INFO  o.e.m.c.i.l.LifecycleMappingFactory - Using org.eclipse.m2e.jdt.JarLifecycleMapping lifecycle mapping for MavenProject: com.hibernate:HibernateCORE:0.0.1-SNAPSHOT @ G:\JAVA_FRAMWORK\HIBERNATE\HibernateCORE\pom.xml.
2023-05-03 12:53:10,114 [Worker-16: Building] INFO  o.e.m.c.i.embedder.EclipseLogger - Using 'UTF-8' encoding to copy filtered resources.
2023-05-03 12:53:10,114 [Worker-16: Building] INFO  o.e.m.c.i.embedder.EclipseLogger - skip non existing resourceDirectory G:\JAVA_FRAMWORK\HIBERNATE\HibernateCORE\src\main\resources
2023-05-03 12:53:10,118 [Worker-16: Building] INFO  o.e.m.c.i.embedder.EclipseLogger - Using 'UTF-8' encoding to copy filtered resources.
2023-05-03 12:53:10,119 [Worker-16: Building] INFO  o.e.m.c.i.embedder.EclipseLogger - skip non existing resourceDirectory G:\JAVA_FRAMWORK\HIBERNATE\HibernateCORE\src\test\resources
2023-05-03 12:53:12,010 [Worker-16: Building] INFO  o.e.m.c.i.embedder.EclipseLogger - Using 'UTF-8' encoding to copy filtered resources.
2023-05-03 12:53:12,010 [Worker-16: Building] INFO  o.e.m.c.i.embedder.EclipseLogger - skip non existing resourceDirectory G:\JAVA_FRAMWORK\HIBERNATE\HibernateCORE\src\main\resources
2023-05-03 12:53:12,013 [Worker-16: Building] INFO  o.e.m.c.i.embedder.EclipseLogger - Using 'UTF-8' encoding to copy filtered resources.
2023-05-03 12:53:12,014 [Worker-16: Building] INFO  o.e.m.c.i.embedder.EclipseLogger - skip non existing resourceDirectory G:\JAVA_FRAMWORK\HIBERNATE\HibernateCORE\src\test\resources
2023-05-03 12:53:46,673 [Worker-17: Building] INFO  o.e.m.c.i.embedder.EclipseLogger - Using 'UTF-8' encoding to copy filtered resources.
2023-05-03 12:53:46,674 [Worker-17: Building] INFO  o.e.m.c.i.embedder.EclipseLogger - skip non existing resourceDirectory G:\JAVA_FRAMWORK\HIBERNATE\HibernateCORE\src\main\resources
2023-05-03 12:53:46,677 [Worker-17: Building] INFO  o.e.m.c.i.embedder.EclipseLogger - Using 'UTF-8' encoding to copy filtered resources.
2023-05-03 12:53:46,677 [Worker-17: Building] INFO  o.e.m.c.i.embedder.EclipseLogger - skip non existing resourceDirectory G:\JAVA_FRAMWORK\HIBERNATE\HibernateCORE\src\test\resources
2023-05-03 12:54:09,688 [Worker-13: Building] INFO  o.e.m.c.i.embedder.EclipseLogger - Using 'UTF-8' encoding to copy filtered resources.
2023-05-03 12:54:09,688 [Worker-13: Building] INFO  o.e.m.c.i.embedder.EclipseLogger - skip non existing resourceDirectory G:\JAVA_FRAMWORK\HIBERNATE\HibernateCORE\src\main\resources
2023-05-03 12:54:09,692 [Worker-13: Building] INFO  o.e.m.c.i.embedder.EclipseLogger - Using 'UTF-8' encoding to copy filtered resources.
2023-05-03 12:54:09,692 [Worker-13: Building] INFO  o.e.m.c.i.embedder.EclipseLogger - skip non existing resourceDirectory G:\JAVA_FRAMWORK\HIBERNATE\HibernateCORE\src\test\resources
2023-05-03 12:54:42,385 [Worker-12: Building] INFO  o.e.m.c.i.embedder.EclipseLogger - Using 'UTF-8' encoding to copy filtered resources.
2023-05-03 12:54:42,386 [Worker-12: Building] INFO  o.e.m.c.i.embedder.EclipseLogger - skip non existing resourceDirectory G:\JAVA_FRAMWORK\HIBERNATE\HibernateCORE\src\main\resources
2023-05-03 12:54:42,389 [Worker-12: Building] INFO  o.e.m.c.i.embedder.EclipseLogger - Using 'UTF-8' encoding to copy filtered resources.
2023-05-03 12:54:42,389 [Worker-12: Building] INFO  o.e.m.c.i.embedder.EclipseLogger - skip non existing resourceDirectory G:\JAVA_FRAMWORK\HIBERNATE\HibernateCORE\src\test\resources
2023-05-03 12:54:54,420 [Worker-19: Building] INFO  o.e.m.c.i.embedder.EclipseLogger - Using 'UTF-8' encoding to copy filtered resources.
2023-05-03 12:54:54,421 [Worker-19: Building] INFO  o.e.m.c.i.embedder.EclipseLogger - skip non existing resourceDirectory G:\JAVA_FRAMWORK\HIBERNATE\HibernateCORE\src\main\resources
2023-05-03 12:54:54,425 [Worker-19: Building] INFO  o.e.m.c.i.embedder.EclipseLogger - Using 'UTF-8' encoding to copy filtered resources.
2023-05-03 12:54:54,425 [Worker-19: Building] INFO  o.e.m.c.i.embedder.EclipseLogger - skip non existing resourceDirectory G:\JAVA_FRAMWORK\HIBERNATE\HibernateCORE\src\test\resources
2023-05-03 12:55:34,248 [Worker-15: Updating Maven Project] INFO  o.e.m.c.i.p.ProjectConfigurationManager - Update started
2023-05-03 12:55:35,043 [Worker-15: Updating Maven Project] INFO  o.e.m.c.i.l.LifecycleMappingFactory - Using org.eclipse.m2e.jdt.JarLifecycleMapping lifecycle mapping for MavenProject: com.hibernate:HibernateCORE:0.0.1-SNAPSHOT @ G:\JAVA_FRAMWORK\HIBERNATE\HibernateCORE\pom.xml.
2023-05-03 12:55:35,467 [Worker-15: Updating Maven Project] INFO  o.e.m.j.i.AbstractJavaProjectConfigurator - Adding source folder /HibernateCORE/src/main/java
2023-05-03 12:55:35,468 [Worker-15: Updating Maven Project] INFO  o.e.m.j.i.AbstractJavaProjectConfigurator - Adding source folder /HibernateCORE/src/test/java
2023-05-03 12:55:37,403 [Worker-17: Building] INFO  o.e.m.c.i.embedder.EclipseLogger - Using 'UTF-8' encoding to copy filtered resources.
2023-05-03 12:55:37,403 [Worker-17: Building] INFO  o.e.m.c.i.embedder.EclipseLogger - skip non existing resourceDirectory G:\JAVA_FRAMWORK\HIBERNATE\HibernateCORE\src\main\resources
2023-05-03 12:55:37,407 [Worker-17: Building] INFO  o.e.m.c.i.embedder.EclipseLogger - Using 'UTF-8' encoding to copy filtered resources.
2023-05-03 12:55:37,408 [Worker-17: Building] INFO  o.e.m.c.i.embedder.EclipseLogger - skip non existing resourceDirectory G:\JAVA_FRAMWORK\HIBERNATE\HibernateCORE\src\test\resources
2023-05-03 12:55:51,843 [Worker-16: Building] INFO  o.e.m.c.i.embedder.EclipseLogger - Using 'UTF-8' encoding to copy filtered resources.
2023-05-03 12:55:51,844 [Worker-16: Building] INFO  o.e.m.c.i.embedder.EclipseLogger - skip non existing resourceDirectory G:\JAVA_FRAMWORK\HIBERNATE\HibernateCORE\src\main\resources
2023-05-03 12:55:51,847 [Worker-16: Building] INFO  o.e.m.c.i.embedder.EclipseLogger - Using 'UTF-8' encoding to copy filtered resources.
2023-05-03 12:55:51,847 [Worker-16: Building] INFO  o.e.m.c.i.embedder.EclipseLogger - skip non existing resourceDirectory G:\JAVA_FRAMWORK\HIBERNATE\HibernateCORE\src\test\resources
2023-05-03 12:55:55,124 [Worker-17: Building] INFO  o.e.m.c.i.embedder.EclipseLogger - Using 'UTF-8' encoding to copy filtered resources.
2023-05-03 12:55:55,124 [Worker-17: Building] INFO  o.e.m.c.i.embedder.EclipseLogger - skip non existing resourceDirectory G:\JAVA_FRAMWORK\HIBERNATE\HibernateCORE\src\main\resources
2023-05-03 12:55:55,128 [Worker-17: Building] INFO  o.e.m.c.i.embedder.EclipseLogger - Using 'UTF-8' encoding to copy filtered resources.
2023-05-03 12:55:55,128 [Worker-17: Building] INFO  o.e.m.c.i.embedder.EclipseLogger - skip non existing resourceDirectory G:\JAVA_FRAMWORK\HIBERNATE\HibernateCORE\src\test\resources
2023-05-03 12:56:02,769 [Worker-12: Building] INFO  o.e.m.c.i.embedder.EclipseLogger - Using 'UTF-8' encoding to copy filtered resources.
2023-05-03 12:56:02,770 [Worker-12: Building] INFO  o.e.m.c.i.embedder.EclipseLogger - skip non existing resourceDirectory G:\JAVA_FRAMWORK\HIBERNATE\HibernateCORE\src\main\resources
2023-05-03 12:56:02,772 [Worker-12: Building] INFO  o.e.m.c.i.embedder.EclipseLogger - Using 'UTF-8' encoding to copy filtered resources.
2023-05-03 12:56:02,773 [Worker-12: Building] INFO  o.e.m.c.i.embedder.EclipseLogger - skip non existing resourceDirectory G:\JAVA_FRAMWORK\HIBERNATE\HibernateCORE\src\test\resources
2023-05-03 12:56:11,883 [Worker-16: Building] INFO  o.e.m.c.i.embedder.EclipseLogger - Using 'UTF-8' encoding to copy filtered resources.
2023-05-03 12:56:11,883 [Worker-16: Building] INFO  o.e.m.c.i.embedder.EclipseLogger - skip non existing resourceDirectory G:\JAVA_FRAMWORK\HIBERNATE\HibernateCORE\src\main\resources
2023-05-03 12:56:11,886 [Worker-16: Building] INFO  o.e.m.c.i.embedder.EclipseLogger - Using 'UTF-8' encoding to copy filtered resources.
2023-05-03 12:56:11,886 [Worker-16: Building] INFO  o.e.m.c.i.embedder.EclipseLogger - skip non existing resourceDirectory G:\JAVA_FRAMWORK\HIBERNATE\HibernateCORE\src\test\resources
2023-05-03 12:57:43,449 [Worker-18: Building] INFO  o.e.m.c.i.embedder.EclipseLogger - Using 'UTF-8' encoding to copy filtered resources.
2023-05-03 12:57:43,449 [Worker-18: Building] INFO  o.e.m.c.i.embedder.EclipseLogger - skip non existing resourceDirectory G:\JAVA_FRAMWORK\HIBERNATE\HibernateCORE\src\main\resources
2023-05-03 12:57:43,453 [Worker-18: Building] INFO  o.e.m.c.i.embedder.EclipseLogger - Using 'UTF-8' encoding to copy filtered resources.
2023-05-03 12:57:43,453 [Worker-18: Building] INFO  o.e.m.c.i.embedder.EclipseLogger - skip non existing resourceDirectory G:\JAVA_FRAMWORK\HIBERNATE\HibernateCORE\src\test\resources
2023-05-03 12:58:43,789 [Worker-0: Building] INFO  o.e.m.c.i.embedder.EclipseLogger - Using 'UTF-8' encoding to copy filtered resources.
2023-05-03 12:58:43,790 [Worker-0: Building] INFO  o.e.m.c.i.embedder.EclipseLogger - skip non existing resourceDirectory G:\JAVA_FRAMWORK\HIBERNATE\HibernateCORE\src\main\resources
2023-05-03 12:58:43,793 [Worker-0: Building] INFO  o.e.m.c.i.embedder.EclipseLogger - Using 'UTF-8' encoding to copy filtered resources.
2023-05-03 12:58:43,793 [Worker-0: Building] INFO  o.e.m.c.i.embedder.EclipseLogger - skip non existing resourceDirectory G:\JAVA_FRAMWORK\HIBERNATE\HibernateCORE\src\test\resources
2023-05-03 12:59:13,627 [Worker-0: Building] INFO  o.e.m.c.i.embedder.EclipseLogger - Using 'UTF-8' encoding to copy filtered resources.
2023-05-03 12:59:13,628 [Worker-0: Building] INFO  o.e.m.c.i.embedder.EclipseLogger - skip non existing resourceDirectory G:\JAVA_FRAMWORK\HIBERNATE\HibernateCORE\src\main\resources
2023-05-03 12:59:13,631 [Worker-0: Building] INFO  o.e.m.c.i.embedder.EclipseLogger - Using 'UTF-8' encoding to copy filtered resources.
2023-05-03 12:59:13,631 [Worker-0: Building] INFO  o.e.m.c.i.embedder.EclipseLogger - skip non existing resourceDirectory G:\JAVA_FRAMWORK\HIBERNATE\HibernateCORE\src\test\resources
2023-05-03 12:59:15,904 [Worker-18: Building] INFO  o.e.m.c.i.embedder.EclipseLogger - Using 'UTF-8' encoding to copy filtered resources.
2023-05-03 12:59:15,904 [Worker-18: Building] INFO  o.e.m.c.i.embedder.EclipseLogger - skip non existing resourceDirectory G:\JAVA_FRAMWORK\HIBERNATE\HibernateCORE\src\main\resources
2023-05-03 12:59:15,910 [Worker-18: Building] INFO  o.e.m.c.i.embedder.EclipseLogger - Using 'UTF-8' encoding to copy filtered resources.
2023-05-03 12:59:15,910 [Worker-18: Building] INFO  o.e.m.c.i.embedder.EclipseLogger - skip non existing resourceDirectory G:\JAVA_FRAMWORK\HIBERNATE\HibernateCORE\src\test\resources
2023-05-03 12:59:59,873 [Worker-15: Building] INFO  o.e.m.c.i.embedder.EclipseLogger - Using 'UTF-8' encoding to copy filtered resources.
2023-05-03 12:59:59,873 [Worker-15: Building] INFO  o.e.m.c.i.embedder.EclipseLogger - skip non existing resourceDirectory G:\JAVA_FRAMWORK\HIBERNATE\HibernateCORE\src\main\resources
2023-05-03 12:59:59,876 [Worker-15: Building] INFO  o.e.m.c.i.embedder.EclipseLogger - Using 'UTF-8' encoding to copy filtered resources.
2023-05-03 12:59:59,876 [Worker-15: Building] INFO  o.e.m.c.i.embedder.EclipseLogger - skip non existing resourceDirectory G:\JAVA_FRAMWORK\HIBERNATE\HibernateCORE\src\test\resources
2023-05-03 13:01:49,726 [Worker-0: Building] INFO  o.e.m.c.i.embedder.EclipseLogger - Using 'UTF-8' encoding to copy filtered resources.
2023-05-03 13:01:49,727 [Worker-0: Building] INFO  o.e.m.c.i.embedder.EclipseLogger - skip non existing resourceDirectory G:\JAVA_FRAMWORK\HIBERNATE\HibernateCORE\src\main\resources
2023-05-03 13:01:49,734 [Worker-0: Building] INFO  o.e.m.c.i.embedder.EclipseLogger - Using 'UTF-8' encoding to copy filtered resources.
2023-05-03 13:01:49,734 [Worker-0: Building] INFO  o.e.m.c.i.embedder.EclipseLogger - skip non existing resourceDirectory G:\JAVA_FRAMWORK\HIBERNATE\HibernateCORE\src\test\resources
2023-05-03 13:03:24,995 [Worker-18: Building] INFO  o.e.m.c.i.embedder.EclipseLogger - Using 'UTF-8' encoding to copy filtered resources.
2023-05-03 13:03:24,995 [Worker-18: Building] INFO  o.e.m.c.i.embedder.EclipseLogger - skip non existing resourceDirectory G:\JAVA_FRAMWORK\HIBERNATE\HibernateCORE\src\main\resources
2023-05-03 13:03:25,000 [Worker-18: Building] INFO  o.e.m.c.i.embedder.EclipseLogger - Using 'UTF-8' encoding to copy filtered resources.
2023-05-03 13:03:25,001 [Worker-18: Building] INFO  o.e.m.c.i.embedder.EclipseLogger - skip non existing resourceDirectory G:\JAVA_FRAMWORK\HIBERNATE\HibernateCORE\src\test\resources
2023-05-03 13:04:07,193 [Worker-0: Building] INFO  o.e.m.c.i.embedder.EclipseLogger - Using 'UTF-8' encoding to copy filtered resources.
2023-05-03 13:04:07,193 [Worker-0: Building] INFO  o.e.m.c.i.embedder.EclipseLogger - skip non existing resourceDirectory G:\JAVA_FRAMWORK\HIBERNATE\HibernateCORE\src\main\resources
2023-05-03 13:04:07,197 [Worker-0: Building] INFO  o.e.m.c.i.embedder.EclipseLogger - Using 'UTF-8' encoding to copy filtered resources.
2023-05-03 13:04:07,198 [Worker-0: Building] INFO  o.e.m.c.i.embedder.EclipseLogger - skip non existing resourceDirectory G:\JAVA_FRAMWORK\HIBERNATE\HibernateCORE\src\test\resources
2023-05-03 13:04:31,087 [Worker-15: Building] INFO  o.e.m.c.i.embedder.EclipseLogger - Using 'UTF-8' encoding to copy filtered resources.
2023-05-03 13:04:31,088 [Worker-15: Building] INFO  o.e.m.c.i.embedder.EclipseLogger - skip non existing resourceDirectory G:\JAVA_FRAMWORK\HIBERNATE\HibernateCORE\src\main\resources
2023-05-03 13:04:31,091 [Worker-15: Building] INFO  o.e.m.c.i.embedder.EclipseLogger - Using 'UTF-8' encoding to copy filtered resources.
2023-05-03 13:04:31,091 [Worker-15: Building] INFO  o.e.m.c.i.embedder.EclipseLogger - skip non existing resourceDirectory G:\JAVA_FRAMWORK\HIBERNATE\HibernateCORE\src\test\resources
2023-05-03 13:04:42,388 [Worker-13: Building] INFO  o.e.m.c.i.embedder.EclipseLogger - Using 'UTF-8' encoding to copy filtered resources.
2023-05-03 13:04:42,388 [Worker-13: Building] INFO  o.e.m.c.i.embedder.EclipseLogger - skip non existing resourceDirectory G:\JAVA_FRAMWORK\HIBERNATE\HibernateCORE\src\main\resources
2023-05-03 13:04:42,397 [Worker-13: Building] INFO  o.e.m.c.i.embedder.EclipseLogger - Using 'UTF-8' encoding to copy filtered resources.
2023-05-03 13:04:42,398 [Worker-13: Building] INFO  o.e.m.c.i.embedder.EclipseLogger - skip non existing resourceDirectory G:\JAVA_FRAMWORK\HIBERNATE\HibernateCORE\src\test\resources
2023-05-03 13:05:04,014 [Worker-19: Building] INFO  o.e.m.c.i.embedder.EclipseLogger - Using 'UTF-8' encoding to copy filtered resources.
2023-05-03 13:05:04,015 [Worker-19: Building] INFO  o.e.m.c.i.embedder.EclipseLogger - skip non existing resourceDirectory G:\JAVA_FRAMWORK\HIBERNATE\HibernateCORE\src\main\resources
2023-05-03 13:05:04,018 [Worker-19: Building] INFO  o.e.m.c.i.embedder.EclipseLogger - Using 'UTF-8' encoding to copy filtered resources.
2023-05-03 13:05:04,019 [Worker-19: Building] INFO  o.e.m.c.i.embedder.EclipseLogger - skip non existing resourceDirectory G:\JAVA_FRAMWORK\HIBERNATE\HibernateCORE\src\test\resources
2023-05-03 13:05:22,163 [Worker-19: Building] INFO  o.e.m.c.i.embedder.EclipseLogger - Using 'UTF-8' encoding to copy filtered resources.
2023-05-03 13:05:22,163 [Worker-19: Building] INFO  o.e.m.c.i.embedder.EclipseLogger - skip non existing resourceDirectory G:\JAVA_FRAMWORK\HIBERNATE\HibernateCORE\src\main\resources
2023-05-03 13:05:22,166 [Worker-19: Building] INFO  o.e.m.c.i.embedder.EclipseLogger - Using 'UTF-8' encoding to copy filtered resources.
2023-05-03 13:05:22,167 [Worker-19: Building] INFO  o.e.m.c.i.embedder.EclipseLogger - skip non existing resourceDirectory G:\JAVA_FRAMWORK\HIBERNATE\HibernateCORE\src\test\resources
2023-05-03 13:05:44,215 [Worker-19: Building] INFO  o.e.m.c.i.embedder.EclipseLogger - Using 'UTF-8' encoding to copy filtered resources.
2023-05-03 13:05:44,215 [Worker-19: Building] INFO  o.e.m.c.i.embedder.EclipseLogger - skip non existing resourceDirectory G:\JAVA_FRAMWORK\HIBERNATE\HibernateCORE\src\main\resources
2023-05-03 13:05:44,219 [Worker-19: Building] INFO  o.e.m.c.i.embedder.EclipseLogger - Using 'UTF-8' encoding to copy filtered resources.
2023-05-03 13:05:44,219 [Worker-19: Building] INFO  o.e.m.c.i.embedder.EclipseLogger - skip non existing resourceDirectory G:\JAVA_FRAMWORK\HIBERNATE\HibernateCORE\src\test\resources
2023-05-03 13:05:58,716 [Worker-16: Building] INFO  o.e.m.c.i.embedder.EclipseLogger - Using 'UTF-8' encoding to copy filtered resources.
2023-05-03 13:05:58,716 [Worker-16: Building] INFO  o.e.m.c.i.embedder.EclipseLogger - skip non existing resourceDirectory G:\JAVA_FRAMWORK\HIBERNATE\HibernateCORE\src\main\resources
2023-05-03 13:05:58,726 [Worker-16: Building] INFO  o.e.m.c.i.embedder.EclipseLogger - Using 'UTF-8' encoding to copy filtered resources.
2023-05-03 13:05:58,726 [Worker-16: Building] INFO  o.e.m.c.i.embedder.EclipseLogger - skip non existing resourceDirectory G:\JAVA_FRAMWORK\HIBERNATE\HibernateCORE\src\test\resources
2023-05-03 13:06:09,555 [Worker-20: Building] INFO  o.e.m.c.i.embedder.EclipseLogger - Using 'UTF-8' encoding to copy filtered resources.
2023-05-03 13:06:09,556 [Worker-20: Building] INFO  o.e.m.c.i.embedder.EclipseLogger - skip non existing resourceDirectory G:\JAVA_FRAMWORK\HIBERNATE\HibernateCORE\src\main\resources
2023-05-03 13:06:09,562 [Worker-20: Building] INFO  o.e.m.c.i.embedder.EclipseLogger - Using 'UTF-8' encoding to copy filtered resources.
2023-05-03 13:06:09,562 [Worker-20: Building] INFO  o.e.m.c.i.embedder.EclipseLogger - skip non existing resourceDirectory G:\JAVA_FRAMWORK\HIBERNATE\HibernateCORE\src\test\resources
2023-05-03 13:06:18,246 [Worker-0: Building] INFO  o.e.m.c.i.embedder.EclipseLogger - Using 'UTF-8' encoding to copy filtered resources.
2023-05-03 13:06:18,246 [Worker-0: Building] INFO  o.e.m.c.i.embedder.EclipseLogger - skip non existing resourceDirectory G:\JAVA_FRAMWORK\HIBERNATE\HibernateCORE\src\main\resources
2023-05-03 13:06:18,249 [Worker-0: Building] INFO  o.e.m.c.i.embedder.EclipseLogger - Using 'UTF-8' encoding to copy filtered resources.
2023-05-03 13:06:18,250 [Worker-0: Building] INFO  o.e.m.c.i.embedder.EclipseLogger - skip non existing resourceDirectory G:\JAVA_FRAMWORK\HIBERNATE\HibernateCORE\src\test\resources
2023-05-03 13:06:24,875 [Worker-13: Building] INFO  o.e.m.c.i.embedder.EclipseLogger - Using 'UTF-8' encoding to copy filtered resources.
2023-05-03 13:06:24,876 [Worker-13: Building] INFO  o.e.m.c.i.embedder.EclipseLogger - skip non existing resourceDirectory G:\JAVA_FRAMWORK\HIBERNATE\HibernateCORE\src\main\resources
2023-05-03 13:06:24,879 [Worker-13: Building] INFO  o.e.m.c.i.embedder.EclipseLogger - Using 'UTF-8' encoding to copy filtered resources.
2023-05-03 13:06:24,879 [Worker-13: Building] INFO  o.e.m.c.i.embedder.EclipseLogger - skip non existing resourceDirectory G:\JAVA_FRAMWORK\HIBERNATE\HibernateCORE\src\test\resources
2023-05-03 13:06:36,500 [Worker-16: Building] INFO  o.e.m.c.i.embedder.EclipseLogger - Using 'UTF-8' encoding to copy filtered resources.
2023-05-03 13:06:36,500 [Worker-16: Building] INFO  o.e.m.c.i.embedder.EclipseLogger - skip non existing resourceDirectory G:\JAVA_FRAMWORK\HIBERNATE\HibernateCORE\src\main\resources
2023-05-03 13:06:36,505 [Worker-16: Building] INFO  o.e.m.c.i.embedder.EclipseLogger - Using 'UTF-8' encoding to copy filtered resources.
2023-05-03 13:06:36,506 [Worker-16: Building] INFO  o.e.m.c.i.embedder.EclipseLogger - skip non existing resourceDirectory G:\JAVA_FRAMWORK\HIBERNATE\HibernateCORE\src\test\resources
2023-05-03 13:06:55,699 [Worker-15: Building] INFO  o.e.m.c.i.embedder.EclipseLogger - Using 'UTF-8' encoding to copy filtered resources.
2023-05-03 13:06:55,699 [Worker-15: Building] INFO  o.e.m.c.i.embedder.EclipseLogger - skip non existing resourceDirectory G:\JAVA_FRAMWORK\HIBERNATE\HibernateCORE\src\main\resources
2023-05-03 13:06:55,722 [Worker-15: Building] INFO  o.e.m.c.i.embedder.EclipseLogger - Using 'UTF-8' encoding to copy filtered resources.
2023-05-03 13:06:55,722 [Worker-15: Building] INFO  o.e.m.c.i.embedder.EclipseLogger - skip non existing resourceDirectory G:\JAVA_FRAMWORK\HIBERNATE\HibernateCORE\src\test\resources
2023-05-03 13:07:09,487 [Worker-19: Building] INFO  o.e.m.c.i.embedder.EclipseLogger - Using 'UTF-8' encoding to copy filtered resources.
2023-05-03 13:07:09,488 [Worker-19: Building] INFO  o.e.m.c.i.embedder.EclipseLogger - skip non existing resourceDirectory G:\JAVA_FRAMWORK\HIBERNATE\HibernateCORE\src\main\resources
2023-05-03 13:07:09,491 [Worker-19: Building] INFO  o.e.m.c.i.embedder.EclipseLogger - Using 'UTF-8' encoding to copy filtered resources.
2023-05-03 13:07:09,491 [Worker-19: Building] INFO  o.e.m.c.i.embedder.EclipseLogger - skip non existing resourceDirectory G:\JAVA_FRAMWORK\HIBERNATE\HibernateCORE\src\test\resources
2023-05-03 13:07:17,238 [Worker-15: Building] INFO  o.e.m.c.i.embedder.EclipseLogger - Using 'UTF-8' encoding to copy filtered resources.
2023-05-03 13:07:17,238 [Worker-15: Building] INFO  o.e.m.c.i.embedder.EclipseLogger - skip non existing resourceDirectory G:\JAVA_FRAMWORK\HIBERNATE\HibernateCORE\src\main\resources
2023-05-03 13:07:17,241 [Worker-15: Building] INFO  o.e.m.c.i.embedder.EclipseLogger - Using 'UTF-8' encoding to copy filtered resources.
2023-05-03 13:07:17,242 [Worker-15: Building] INFO  o.e.m.c.i.embedder.EclipseLogger - skip non existing resourceDirectory G:\JAVA_FRAMWORK\HIBERNATE\HibernateCORE\src\test\resources
2023-05-03 13:08:46,121 [Worker-21: Building] INFO  o.e.m.c.i.embedder.EclipseLogger - Using 'UTF-8' encoding to copy filtered resources.
2023-05-03 13:08:46,121 [Worker-21: Building] INFO  o.e.m.c.i.embedder.EclipseLogger - skip non existing resourceDirectory G:\JAVA_FRAMWORK\HIBERNATE\HibernateCORE\src\main\resources
2023-05-03 13:08:46,124 [Worker-21: Building] INFO  o.e.m.c.i.embedder.EclipseLogger - Using 'UTF-8' encoding to copy filtered resources.
2023-05-03 13:08:46,124 [Worker-21: Building] INFO  o.e.m.c.i.embedder.EclipseLogger - skip non existing resourceDirectory G:\JAVA_FRAMWORK\HIBERNATE\HibernateCORE\src\test\resources
2023-05-03 13:09:11,224 [Worker-12: Building] INFO  o.e.m.c.i.embedder.EclipseLogger - Using 'UTF-8' encoding to copy filtered resources.
2023-05-03 13:09:11,224 [Worker-12: Building] INFO  o.e.m.c.i.embedder.EclipseLogger - skip non existing resourceDirectory G:\JAVA_FRAMWORK\HIBERNATE\HibernateCORE\src\main\resources
2023-05-03 13:09:11,228 [Worker-12: Building] INFO  o.e.m.c.i.embedder.EclipseLogger - Using 'UTF-8' encoding to copy filtered resources.
2023-05-03 13:09:11,229 [Worker-12: Building] INFO  o.e.m.c.i.embedder.EclipseLogger - skip non existing resourceDirectory G:\JAVA_FRAMWORK\HIBERNATE\HibernateCORE\src\test\resources
2023-05-03 13:09:39,626 [Worker-18: Building] INFO  o.e.m.c.i.embedder.EclipseLogger - Using 'UTF-8' encoding to copy filtered resources.
2023-05-03 13:09:39,653 [Worker-18: Building] INFO  o.e.m.c.i.embedder.EclipseLogger - skip non existing resourceDirectory G:\JAVA_FRAMWORK\HIBERNATE\HibernateCORE\src\main\resources
2023-05-03 13:09:39,657 [Worker-18: Building] INFO  o.e.m.c.i.embedder.EclipseLogger - Using 'UTF-8' encoding to copy filtered resources.
2023-05-03 13:09:39,658 [Worker-18: Building] INFO  o.e.m.c.i.embedder.EclipseLogger - skip non existing resourceDirectory G:\JAVA_FRAMWORK\HIBERNATE\HibernateCORE\src\test\resources
2023-05-03 13:09:52,932 [Worker-21: Building] INFO  o.e.m.c.i.embedder.EclipseLogger - Using 'UTF-8' encoding to copy filtered resources.
2023-05-03 13:09:52,933 [Worker-21: Building] INFO  o.e.m.c.i.embedder.EclipseLogger - skip non existing resourceDirectory G:\JAVA_FRAMWORK\HIBERNATE\HibernateCORE\src\main\resources
2023-05-03 13:09:52,937 [Worker-21: Building] INFO  o.e.m.c.i.embedder.EclipseLogger - Using 'UTF-8' encoding to copy filtered resources.
2023-05-03 13:09:52,938 [Worker-21: Building] INFO  o.e.m.c.i.embedder.EclipseLogger - skip non existing resourceDirectory G:\JAVA_FRAMWORK\HIBERNATE\HibernateCORE\src\test\resources
2023-05-03 13:16:06,350 [Worker-2: Loading available Gradle versions] INFO  o.e.b.c.i.u.g.PublishedGradleVersions - Gradle version information cache is up-to-date. Trying to read.
2023-05-03 13:18:49,464 [Worker-2: Building] INFO  o.e.m.c.i.embedder.EclipseLogger - Using 'UTF-8' encoding to copy filtered resources.
2023-05-03 13:18:49,473 [Worker-2: Building] INFO  o.e.m.c.i.embedder.EclipseLogger - skip non existing resourceDirectory G:\JAVA_FRAMWORK\HIBERNATE\HibernateCORE\src\main\resources
2023-05-03 13:18:49,485 [Worker-2: Building] INFO  o.e.m.c.i.embedder.EclipseLogger - Using 'UTF-8' encoding to copy filtered resources.
2023-05-03 13:18:49,486 [Worker-2: Building] INFO  o.e.m.c.i.embedder.EclipseLogger - skip non existing resourceDirectory G:\JAVA_FRAMWORK\HIBERNATE\HibernateCORE\src\test\resources
2023-05-03 13:19:17,531 [Worker-13: Building] INFO  o.e.m.c.i.embedder.EclipseLogger - Using 'UTF-8' encoding to copy filtered resources.
2023-05-03 13:19:17,531 [Worker-13: Building] INFO  o.e.m.c.i.embedder.EclipseLogger - skip non existing resourceDirectory G:\JAVA_FRAMWORK\HIBERNATE\HibernateCORE\src\main\resources
2023-05-03 13:19:17,536 [Worker-13: Building] INFO  o.e.m.c.i.embedder.EclipseLogger - Using 'UTF-8' encoding to copy filtered resources.
2023-05-03 13:19:17,537 [Worker-13: Building] INFO  o.e.m.c.i.embedder.EclipseLogger - skip non existing resourceDirectory G:\JAVA_FRAMWORK\HIBERNATE\HibernateCORE\src\test\resources
2023-05-03 13:19:23,819 [Worker-8: Building] INFO  o.e.m.c.i.embedder.EclipseLogger - Using 'UTF-8' encoding to copy filtered resources.
2023-05-03 13:19:23,820 [Worker-8: Building] INFO  o.e.m.c.i.embedder.EclipseLogger - skip non existing resourceDirectory G:\JAVA_FRAMWORK\HIBERNATE\HibernateCORE\src\main\resources
2023-05-03 13:19:23,830 [Worker-8: Building] INFO  o.e.m.c.i.embedder.EclipseLogger - Using 'UTF-8' encoding to copy filtered resources.
2023-05-03 13:19:23,831 [Worker-8: Building] INFO  o.e.m.c.i.embedder.EclipseLogger - skip non existing resourceDirectory G:\JAVA_FRAMWORK\HIBERNATE\HibernateCORE\src\test\resources
2023-05-03 13:20:14,302 [Worker-13: Building] INFO  o.e.m.c.i.embedder.EclipseLogger - Using 'UTF-8' encoding to copy filtered resources.
2023-05-03 13:20:14,303 [Worker-13: Building] INFO  o.e.m.c.i.embedder.EclipseLogger - skip non existing resourceDirectory G:\JAVA_FRAMWORK\HIBERNATE\HibernateCORE\src\main\resources
2023-05-03 13:20:14,307 [Worker-13: Building] INFO  o.e.m.c.i.embedder.EclipseLogger - Using 'UTF-8' encoding to copy filtered resources.
2023-05-03 13:20:14,308 [Worker-13: Building] INFO  o.e.m.c.i.embedder.EclipseLogger - skip non existing resourceDirectory G:\JAVA_FRAMWORK\HIBERNATE\HibernateCORE\src\test\resources
2023-05-03 13:20:28,854 [Worker-13: Building] INFO  o.e.m.c.i.embedder.EclipseLogger - Using 'UTF-8' encoding to copy filtered resources.
2023-05-03 13:20:28,854 [Worker-13: Building] INFO  o.e.m.c.i.embedder.EclipseLogger - skip non existing resourceDirectory G:\JAVA_FRAMWORK\HIBERNATE\HibernateCORE\src\main\resources
2023-05-03 13:20:28,859 [Worker-13: Building] INFO  o.e.m.c.i.embedder.EclipseLogger - Using 'UTF-8' encoding to copy filtered resources.
2023-05-03 13:20:28,859 [Worker-13: Building] INFO  o.e.m.c.i.embedder.EclipseLogger - skip non existing resourceDirectory G:\JAVA_FRAMWORK\HIBERNATE\HibernateCORE\src\test\resources
2023-05-03 13:21:42,829 [Worker-12: Building] INFO  o.e.m.c.i.embedder.EclipseLogger - Using 'UTF-8' encoding to copy filtered resources.
2023-05-03 13:21:42,829 [Worker-12: Building] INFO  o.e.m.c.i.embedder.EclipseLogger - skip non existing resourceDirectory G:\JAVA_FRAMWORK\HIBERNATE\HibernateCORE\src\main\resources
2023-05-03 13:21:42,833 [Worker-12: Building] INFO  o.e.m.c.i.embedder.EclipseLogger - Using 'UTF-8' encoding to copy filtered resources.
2023-05-03 13:21:42,834 [Worker-12: Building] INFO  o.e.m.c.i.embedder.EclipseLogger - skip non existing resourceDirectory G:\JAVA_FRAMWORK\HIBERNATE\HibernateCORE\src\test\resources
2023-05-03 13:22:35,050 [Worker-2: Building] INFO  o.e.m.c.i.embedder.EclipseLogger - Using 'UTF-8' encoding to copy filtered resources.
2023-05-03 13:22:35,051 [Worker-2: Building] INFO  o.e.m.c.i.embedder.EclipseLogger - skip non existing resourceDirectory G:\JAVA_FRAMWORK\HIBERNATE\HibernateCORE\src\main\resources
2023-05-03 13:22:35,056 [Worker-2: Building] INFO  o.e.m.c.i.embedder.EclipseLogger - Using 'UTF-8' encoding to copy filtered resources.
2023-05-03 13:22:35,056 [Worker-2: Building] INFO  o.e.m.c.i.embedder.EclipseLogger - skip non existing resourceDirectory G:\JAVA_FRAMWORK\HIBERNATE\HibernateCORE\src\test\resources
2023-05-03 13:23:24,440 [Worker-6: Building] INFO  o.e.m.c.i.embedder.EclipseLogger - Using 'UTF-8' encoding to copy filtered resources.
2023-05-03 13:23:24,440 [Worker-6: Building] INFO  o.e.m.c.i.embedder.EclipseLogger - skip non existing resourceDirectory G:\JAVA_FRAMWORK\HIBERNATE\HibernateCORE\src\main\resources
2023-05-03 13:23:24,445 [Worker-6: Building] INFO  o.e.m.c.i.embedder.EclipseLogger - Using 'UTF-8' encoding to copy filtered resources.
2023-05-03 13:23:24,445 [Worker-6: Building] INFO  o.e.m.c.i.embedder.EclipseLogger - skip non existing resourceDirectory G:\JAVA_FRAMWORK\HIBERNATE\HibernateCORE\src\test\resources
2023-05-03 13:23:36,346 [Worker-2: Building] INFO  o.e.m.c.i.embedder.EclipseLogger - Using 'UTF-8' encoding to copy filtered resources.
2023-05-03 13:23:36,347 [Worker-2: Building] INFO  o.e.m.c.i.embedder.EclipseLogger - skip non existing resourceDirectory G:\JAVA_FRAMWORK\HIBERNATE\HibernateCORE\src\main\resources
2023-05-03 13:23:36,351 [Worker-2: Building] INFO  o.e.m.c.i.embedder.EclipseLogger - Using 'UTF-8' encoding to copy filtered resources.
2023-05-03 13:23:36,352 [Worker-2: Building] INFO  o.e.m.c.i.embedder.EclipseLogger - skip non existing resourceDirectory G:\JAVA_FRAMWORK\HIBERNATE\HibernateCORE\src\test\resources
2023-05-03 16:51:39,370 [Worker-5: Building] INFO  o.e.m.c.i.embedder.EclipseLogger - Using 'UTF-8' encoding to copy filtered resources.
2023-05-03 16:51:39,371 [Worker-5: Building] INFO  o.e.m.c.i.embedder.EclipseLogger - skip non existing resourceDirectory G:\JAVA_FRAMWORK\HIBERNATE\HibernateCORE\src\main\resources
2023-05-03 16:51:39,376 [Worker-5: Building] INFO  o.e.m.c.i.embedder.EclipseLogger - Using 'UTF-8' encoding to copy filtered resources.
2023-05-03 16:51:39,376 [Worker-5: Building] INFO  o.e.m.c.i.embedder.EclipseLogger - skip non existing resourceDirectory G:\JAVA_FRAMWORK\HIBERNATE\HibernateCORE\src\test\resources
2023-05-03 16:51:50,985 [Worker-8: Building] INFO  o.e.m.c.i.embedder.EclipseLogger - Using 'UTF-8' encoding to copy filtered resources.
2023-05-03 16:51:50,985 [Worker-8: Building] INFO  o.e.m.c.i.embedder.EclipseLogger - skip non existing resourceDirectory G:\JAVA_FRAMWORK\HIBERNATE\HibernateCORE\src\main\resources
2023-05-03 16:51:50,991 [Worker-8: Building] INFO  o.e.m.c.i.embedder.EclipseLogger - Using 'UTF-8' encoding to copy filtered resources.
2023-05-03 16:51:50,992 [Worker-8: Building] INFO  o.e.m.c.i.embedder.EclipseLogger - skip non existing resourceDirectory G:\JAVA_FRAMWORK\HIBERNATE\HibernateCORE\src\test\resources
2023-05-03 16:52:00,608 [Worker-15: Building] INFO  o.e.m.c.i.embedder.EclipseLogger - Using 'UTF-8' encoding to copy filtered resources.
2023-05-03 16:52:00,609 [Worker-15: Building] INFO  o.e.m.c.i.embedder.EclipseLogger - skip non existing resourceDirectory G:\JAVA_FRAMWORK\HIBERNATE\HibernateCORE\src\main\resources
2023-05-03 16:52:00,613 [Worker-15: Building] INFO  o.e.m.c.i.embedder.EclipseLogger - Using 'UTF-8' encoding to copy filtered resources.
2023-05-03 16:52:00,614 [Worker-15: Building] INFO  o.e.m.c.i.embedder.EclipseLogger - skip non existing resourceDirectory G:\JAVA_FRAMWORK\HIBERNATE\HibernateCORE\src\test\resources
2023-05-03 16:52:08,676 [Worker-15: Building] INFO  o.e.m.c.i.embedder.EclipseLogger - Using 'UTF-8' encoding to copy filtered resources.
2023-05-03 16:52:08,676 [Worker-15: Building] INFO  o.e.m.c.i.embedder.EclipseLogger - skip non existing resourceDirectory G:\JAVA_FRAMWORK\HIBERNATE\HibernateCORE\src\main\resources
2023-05-03 16:52:08,679 [Worker-15: Building] INFO  o.e.m.c.i.embedder.EclipseLogger - Using 'UTF-8' encoding to copy filtered resources.
2023-05-03 16:52:08,680 [Worker-15: Building] INFO  o.e.m.c.i.embedder.EclipseLogger - skip non existing resourceDirectory G:\JAVA_FRAMWORK\HIBERNATE\HibernateCORE\src\test\resources
2023-05-03 16:52:26,083 [Worker-5: Building] INFO  o.e.m.c.i.embedder.EclipseLogger - Using 'UTF-8' encoding to copy filtered resources.
2023-05-03 16:52:26,084 [Worker-5: Building] INFO  o.e.m.c.i.embedder.EclipseLogger - skip non existing resourceDirectory G:\JAVA_FRAMWORK\HIBERNATE\HibernateCORE\src\main\resources
2023-05-03 16:52:26,088 [Worker-5: Building] INFO  o.e.m.c.i.embedder.EclipseLogger - Using 'UTF-8' encoding to copy filtered resources.
2023-05-03 16:52:26,089 [Worker-5: Building] INFO  o.e.m.c.i.embedder.EclipseLogger - skip non existing resourceDirectory G:\JAVA_FRAMWORK\HIBERNATE\HibernateCORE\src\test\resources
2023-05-03 16:52:44,015 [Worker-8: Building] INFO  o.e.m.c.i.embedder.EclipseLogger - Using 'UTF-8' encoding to copy filtered resources.
2023-05-03 16:52:44,015 [Worker-8: Building] INFO  o.e.m.c.i.embedder.EclipseLogger - skip non existing resourceDirectory G:\JAVA_FRAMWORK\HIBERNATE\HibernateCORE\src\main\resources
2023-05-03 16:52:44,020 [Worker-8: Building] INFO  o.e.m.c.i.embedder.EclipseLogger - Using 'UTF-8' encoding to copy filtered resources.
2023-05-03 16:52:44,021 [Worker-8: Building] INFO  o.e.m.c.i.embedder.EclipseLogger - skip non existing resourceDirectory G:\JAVA_FRAMWORK\HIBERNATE\HibernateCORE\src\test\resources
2023-05-03 16:53:26,655 [Worker-16: Building] INFO  o.e.m.c.i.embedder.EclipseLogger - Using 'UTF-8' encoding to copy filtered resources.
2023-05-03 16:53:26,655 [Worker-16: Building] INFO  o.e.m.c.i.embedder.EclipseLogger - skip non existing resourceDirectory G:\JAVA_FRAMWORK\HIBERNATE\HibernateCORE\src\main\resources
2023-05-03 16:53:26,658 [Worker-16: Building] INFO  o.e.m.c.i.embedder.EclipseLogger - Using 'UTF-8' encoding to copy filtered resources.
2023-05-03 16:53:26,658 [Worker-16: Building] INFO  o.e.m.c.i.embedder.EclipseLogger - skip non existing resourceDirectory G:\JAVA_FRAMWORK\HIBERNATE\HibernateCORE\src\test\resources
2023-05-03 16:54:17,688 [Worker-5: Building] INFO  o.e.m.c.i.embedder.EclipseLogger - Using 'UTF-8' encoding to copy filtered resources.
2023-05-03 16:54:17,689 [Worker-5: Building] INFO  o.e.m.c.i.embedder.EclipseLogger - skip non existing resourceDirectory G:\JAVA_FRAMWORK\HIBERNATE\HibernateCORE\src\main\resources
2023-05-03 16:54:17,696 [Worker-5: Building] INFO  o.e.m.c.i.embedder.EclipseLogger - Using 'UTF-8' encoding to copy filtered resources.
2023-05-03 16:54:17,696 [Worker-5: Building] INFO  o.e.m.c.i.embedder.EclipseLogger - skip non existing resourceDirectory G:\JAVA_FRAMWORK\HIBERNATE\HibernateCORE\src\test\resources
2023-05-03 16:55:20,115 [Worker-16: Building] INFO  o.e.m.c.i.embedder.EclipseLogger - Using 'UTF-8' encoding to copy filtered resources.
2023-05-03 16:55:20,115 [Worker-16: Building] INFO  o.e.m.c.i.embedder.EclipseLogger - skip non existing resourceDirectory G:\JAVA_FRAMWORK\HIBERNATE\HibernateCORE\src\main\resources
2023-05-03 16:55:20,120 [Worker-16: Building] INFO  o.e.m.c.i.embedder.EclipseLogger - Using 'UTF-8' encoding to copy filtered resources.
2023-05-03 16:55:20,121 [Worker-16: Building] INFO  o.e.m.c.i.embedder.EclipseLogger - skip non existing resourceDirectory G:\JAVA_FRAMWORK\HIBERNATE\HibernateCORE\src\test\resources
2023-05-03 16:56:08,205 [Worker-11: Building] INFO  o.e.m.c.i.embedder.EclipseLogger - Using 'UTF-8' encoding to copy filtered resources.
2023-05-03 16:56:08,206 [Worker-11: Building] INFO  o.e.m.c.i.embedder.EclipseLogger - skip non existing resourceDirectory G:\JAVA_FRAMWORK\HIBERNATE\HibernateCORE\src\main\resources
2023-05-03 16:56:08,209 [Worker-11: Building] INFO  o.e.m.c.i.embedder.EclipseLogger - Using 'UTF-8' encoding to copy filtered resources.
2023-05-03 16:56:08,210 [Worker-11: Building] INFO  o.e.m.c.i.embedder.EclipseLogger - skip non existing resourceDirectory G:\JAVA_FRAMWORK\HIBERNATE\HibernateCORE\src\test\resources
2023-05-03 16:56:11,754 [Worker-11: Building] INFO  o.e.m.c.i.embedder.EclipseLogger - Using 'UTF-8' encoding to copy filtered resources.
2023-05-03 16:56:11,754 [Worker-11: Building] INFO  o.e.m.c.i.embedder.EclipseLogger - skip non existing resourceDirectory G:\JAVA_FRAMWORK\HIBERNATE\HibernateCORE\src\main\resources
2023-05-03 16:56:11,759 [Worker-11: Building] INFO  o.e.m.c.i.embedder.EclipseLogger - Using 'UTF-8' encoding to copy filtered resources.
2023-05-03 16:56:11,759 [Worker-11: Building] INFO  o.e.m.c.i.embedder.EclipseLogger - skip non existing resourceDirectory G:\JAVA_FRAMWORK\HIBERNATE\HibernateCORE\src\test\resources
2023-05-03 16:56:18,952 [Worker-15: Building] INFO  o.e.m.c.i.embedder.EclipseLogger - Using 'UTF-8' encoding to copy filtered resources.
2023-05-03 16:56:18,952 [Worker-15: Building] INFO  o.e.m.c.i.embedder.EclipseLogger - skip non existing resourceDirectory G:\JAVA_FRAMWORK\HIBERNATE\HibernateCORE\src\main\resources
2023-05-03 16:56:18,956 [Worker-15: Building] INFO  o.e.m.c.i.embedder.EclipseLogger - Using 'UTF-8' encoding to copy filtered resources.
2023-05-03 16:56:18,956 [Worker-15: Building] INFO  o.e.m.c.i.embedder.EclipseLogger - skip non existing resourceDirectory G:\JAVA_FRAMWORK\HIBERNATE\HibernateCORE\src\test\resources
2023-05-03 16:56:55,358 [Worker-11: Building] INFO  o.e.m.c.i.embedder.EclipseLogger - Using 'UTF-8' encoding to copy filtered resources.
2023-05-03 16:56:55,358 [Worker-11: Building] INFO  o.e.m.c.i.embedder.EclipseLogger - skip non existing resourceDirectory G:\JAVA_FRAMWORK\HIBERNATE\HibernateCORE\src\main\resources
2023-05-03 16:56:55,361 [Worker-11: Building] INFO  o.e.m.c.i.embedder.EclipseLogger - Using 'UTF-8' encoding to copy filtered resources.
2023-05-03 16:56:55,361 [Worker-11: Building] INFO  o.e.m.c.i.embedder.EclipseLogger - skip non existing resourceDirectory G:\JAVA_FRAMWORK\HIBERNATE\HibernateCORE\src\test\resources
2023-05-03 16:57:02,406 [Worker-16: Building] INFO  o.e.m.c.i.embedder.EclipseLogger - Using 'UTF-8' encoding to copy filtered resources.
2023-05-03 16:57:02,406 [Worker-16: Building] INFO  o.e.m.c.i.embedder.EclipseLogger - skip non existing resourceDirectory G:\JAVA_FRAMWORK\HIBERNATE\HibernateCORE\src\main\resources
2023-05-03 16:57:02,409 [Worker-16: Building] INFO  o.e.m.c.i.embedder.EclipseLogger - Using 'UTF-8' encoding to copy filtered resources.
2023-05-03 16:57:02,409 [Worker-16: Building] INFO  o.e.m.c.i.embedder.EclipseLogger - skip non existing resourceDirectory G:\JAVA_FRAMWORK\HIBERNATE\HibernateCORE\src\test\resources
2023-05-03 16:57:16,033 [Worker-16: Building] INFO  o.e.m.c.i.embedder.EclipseLogger - Using 'UTF-8' encoding to copy filtered resources.
2023-05-03 16:57:16,033 [Worker-16: Building] INFO  o.e.m.c.i.embedder.EclipseLogger - skip non existing resourceDirectory G:\JAVA_FRAMWORK\HIBERNATE\HibernateCORE\src\main\resources
2023-05-03 16:57:16,038 [Worker-16: Building] INFO  o.e.m.c.i.embedder.EclipseLogger - Using 'UTF-8' encoding to copy filtered resources.
2023-05-03 16:57:16,038 [Worker-16: Building] INFO  o.e.m.c.i.embedder.EclipseLogger - skip non existing resourceDirectory G:\JAVA_FRAMWORK\HIBERNATE\HibernateCORE\src\test\resources
2023-05-03 16:58:08,937 [Worker-5: Building] INFO  o.e.m.c.i.embedder.EclipseLogger - Using 'UTF-8' encoding to copy filtered resources.
2023-05-03 16:58:08,937 [Worker-5: Building] INFO  o.e.m.c.i.embedder.EclipseLogger - skip non existing resourceDirectory G:\JAVA_FRAMWORK\HIBERNATE\HibernateCORE\src\main\resources
2023-05-03 16:58:08,945 [Worker-5: Building] INFO  o.e.m.c.i.embedder.EclipseLogger - Using 'UTF-8' encoding to copy filtered resources.
2023-05-03 16:58:08,945 [Worker-5: Building] INFO  o.e.m.c.i.embedder.EclipseLogger - skip non existing resourceDirectory G:\JAVA_FRAMWORK\HIBERNATE\HibernateCORE\src\test\resources
2023-05-03 16:59:01,847 [Worker-11: Building] INFO  o.e.m.c.i.embedder.EclipseLogger - Using 'UTF-8' encoding to copy filtered resources.
2023-05-03 16:59:01,863 [Worker-11: Building] INFO  o.e.m.c.i.embedder.EclipseLogger - skip non existing resourceDirectory G:\JAVA_FRAMWORK\HIBERNATE\HibernateCORE\src\main\resources
2023-05-03 16:59:01,869 [Worker-11: Building] INFO  o.e.m.c.i.embedder.EclipseLogger - Using 'UTF-8' encoding to copy filtered resources.
2023-05-03 16:59:01,869 [Worker-11: Building] INFO  o.e.m.c.i.embedder.EclipseLogger - skip non existing resourceDirectory G:\JAVA_FRAMWORK\HIBERNATE\HibernateCORE\src\test\resources
2023-05-03 16:59:51,107 [Worker-8: Building] INFO  o.e.m.c.i.embedder.EclipseLogger - Using 'UTF-8' encoding to copy filtered resources.
2023-05-03 16:59:51,107 [Worker-8: Building] INFO  o.e.m.c.i.embedder.EclipseLogger - skip non existing resourceDirectory G:\JAVA_FRAMWORK\HIBERNATE\HibernateCORE\src\main\resources
2023-05-03 16:59:51,111 [Worker-8: Building] INFO  o.e.m.c.i.embedder.EclipseLogger - Using 'UTF-8' encoding to copy filtered resources.
2023-05-03 16:59:51,111 [Worker-8: Building] INFO  o.e.m.c.i.embedder.EclipseLogger - skip non existing resourceDirectory G:\JAVA_FRAMWORK\HIBERNATE\HibernateCORE\src\test\resources
2023-05-03 16:59:57,305 [Worker-8: Building] INFO  o.e.m.c.i.embedder.EclipseLogger - Using 'UTF-8' encoding to copy filtered resources.
2023-05-03 16:59:57,305 [Worker-8: Building] INFO  o.e.m.c.i.embedder.EclipseLogger - skip non existing resourceDirectory G:\JAVA_FRAMWORK\HIBERNATE\HibernateCORE\src\main\resources
2023-05-03 16:59:57,310 [Worker-8: Building] INFO  o.e.m.c.i.embedder.EclipseLogger - Using 'UTF-8' encoding to copy filtered resources.
2023-05-03 16:59:57,310 [Worker-8: Building] INFO  o.e.m.c.i.embedder.EclipseLogger - skip non existing resourceDirectory G:\JAVA_FRAMWORK\HIBERNATE\HibernateCORE\src\test\resources
2023-05-03 17:00:12,979 [Worker-11: Building] INFO  o.e.m.c.i.embedder.EclipseLogger - Using 'UTF-8' encoding to copy filtered resources.
2023-05-03 17:00:12,980 [Worker-11: Building] INFO  o.e.m.c.i.embedder.EclipseLogger - skip non existing resourceDirectory G:\JAVA_FRAMWORK\HIBERNATE\HibernateCORE\src\main\resources
2023-05-03 17:00:12,984 [Worker-11: Building] INFO  o.e.m.c.i.embedder.EclipseLogger - Using 'UTF-8' encoding to copy filtered resources.
2023-05-03 17:00:12,985 [Worker-11: Building] INFO  o.e.m.c.i.embedder.EclipseLogger - skip non existing resourceDirectory G:\JAVA_FRAMWORK\HIBERNATE\HibernateCORE\src\test\resources
2023-05-03 17:00:15,570 [Worker-11: Building] INFO  o.e.m.c.i.embedder.EclipseLogger - Using 'UTF-8' encoding to copy filtered resources.
2023-05-03 17:00:15,570 [Worker-11: Building] INFO  o.e.m.c.i.embedder.EclipseLogger - skip non existing resourceDirectory G:\JAVA_FRAMWORK\HIBERNATE\HibernateCORE\src\main\resources
2023-05-03 17:00:15,574 [Worker-11: Building] INFO  o.e.m.c.i.embedder.EclipseLogger - Using 'UTF-8' encoding to copy filtered resources.
2023-05-03 17:00:15,574 [Worker-11: Building] INFO  o.e.m.c.i.embedder.EclipseLogger - skip non existing resourceDirectory G:\JAVA_FRAMWORK\HIBERNATE\HibernateCORE\src\test\resources
2023-05-03 17:00:53,843 [Worker-11: Building] INFO  o.e.m.c.i.embedder.EclipseLogger - Using 'UTF-8' encoding to copy filtered resources.
2023-05-03 17:00:53,844 [Worker-11: Building] INFO  o.e.m.c.i.embedder.EclipseLogger - skip non existing resourceDirectory G:\JAVA_FRAMWORK\HIBERNATE\HibernateCORE\src\main\resources
2023-05-03 17:00:53,848 [Worker-11: Building] INFO  o.e.m.c.i.embedder.EclipseLogger - Using 'UTF-8' encoding to copy filtered resources.
2023-05-03 17:00:53,848 [Worker-11: Building] INFO  o.e.m.c.i.embedder.EclipseLogger - skip non existing resourceDirectory G:\JAVA_FRAMWORK\HIBERNATE\HibernateCORE\src\test\resources
2023-05-03 17:00:57,587 [Worker-8: Building] INFO  o.e.m.c.i.embedder.EclipseLogger - Using 'UTF-8' encoding to copy filtered resources.
2023-05-03 17:00:57,588 [Worker-8: Building] INFO  o.e.m.c.i.embedder.EclipseLogger - skip non existing resourceDirectory G:\JAVA_FRAMWORK\HIBERNATE\HibernateCORE\src\main\resources
2023-05-03 17:00:57,593 [Worker-8: Building] INFO  o.e.m.c.i.embedder.EclipseLogger - Using 'UTF-8' encoding to copy filtered resources.
2023-05-03 17:00:57,593 [Worker-8: Building] INFO  o.e.m.c.i.embedder.EclipseLogger - skip non existing resourceDirectory G:\JAVA_FRAMWORK\HIBERNATE\HibernateCORE\src\test\resources
2023-05-03 17:02:20,082 [Worker-8: Building] INFO  o.e.m.c.i.embedder.EclipseLogger - Using 'UTF-8' encoding to copy filtered resources.
2023-05-03 17:02:20,083 [Worker-8: Building] INFO  o.e.m.c.i.embedder.EclipseLogger - skip non existing resourceDirectory G:\JAVA_FRAMWORK\HIBERNATE\HibernateCORE\src\main\resources
2023-05-03 17:02:20,087 [Worker-8: Building] INFO  o.e.m.c.i.embedder.EclipseLogger - Using 'UTF-8' encoding to copy filtered resources.
2023-05-03 17:02:20,087 [Worker-8: Building] INFO  o.e.m.c.i.embedder.EclipseLogger - skip non existing resourceDirectory G:\JAVA_FRAMWORK\HIBERNATE\HibernateCORE\src\test\resources
2023-05-03 17:02:27,666 [Worker-5: Building] INFO  o.e.m.c.i.embedder.EclipseLogger - Using 'UTF-8' encoding to copy filtered resources.
2023-05-03 17:02:27,666 [Worker-5: Building] INFO  o.e.m.c.i.embedder.EclipseLogger - skip non existing resourceDirectory G:\JAVA_FRAMWORK\HIBERNATE\HibernateCORE\src\main\resources
2023-05-03 17:02:27,670 [Worker-5: Building] INFO  o.e.m.c.i.embedder.EclipseLogger - Using 'UTF-8' encoding to copy filtered resources.
2023-05-03 17:02:27,671 [Worker-5: Building] INFO  o.e.m.c.i.embedder.EclipseLogger - skip non existing resourceDirectory G:\JAVA_FRAMWORK\HIBERNATE\HibernateCORE\src\test\resources
2023-05-03 17:02:32,536 [Worker-15: Building] INFO  o.e.m.c.i.embedder.EclipseLogger - Using 'UTF-8' encoding to copy filtered resources.
2023-05-03 17:02:32,537 [Worker-15: Building] INFO  o.e.m.c.i.embedder.EclipseLogger - skip non existing resourceDirectory G:\JAVA_FRAMWORK\HIBERNATE\HibernateCORE\src\main\resources
2023-05-03 17:02:32,541 [Worker-15: Building] INFO  o.e.m.c.i.embedder.EclipseLogger - Using 'UTF-8' encoding to copy filtered resources.
2023-05-03 17:02:32,541 [Worker-15: Building] INFO  o.e.m.c.i.embedder.EclipseLogger - skip non existing resourceDirectory G:\JAVA_FRAMWORK\HIBERNATE\HibernateCORE\src\test\resources
2023-05-03 17:05:42,709 [Worker-18: Building] INFO  o.e.m.c.i.embedder.EclipseLogger - Using 'UTF-8' encoding to copy filtered resources.
2023-05-03 17:05:42,709 [Worker-18: Building] INFO  o.e.m.c.i.embedder.EclipseLogger - skip non existing resourceDirectory G:\JAVA_FRAMWORK\HIBERNATE\HibernateCORE\src\main\resources
2023-05-03 17:05:42,713 [Worker-18: Building] INFO  o.e.m.c.i.embedder.EclipseLogger - Using 'UTF-8' encoding to copy filtered resources.
2023-05-03 17:05:42,714 [Worker-18: Building] INFO  o.e.m.c.i.embedder.EclipseLogger - skip non existing resourceDirectory G:\JAVA_FRAMWORK\HIBERNATE\HibernateCORE\src\test\resources
2023-05-03 17:07:07,709 [Worker-11: Building] INFO  o.e.m.c.i.embedder.EclipseLogger - Using 'UTF-8' encoding to copy filtered resources.
2023-05-03 17:07:07,710 [Worker-11: Building] INFO  o.e.m.c.i.embedder.EclipseLogger - skip non existing resourceDirectory G:\JAVA_FRAMWORK\HIBERNATE\HibernateCORE\src\main\resources
2023-05-03 17:07:07,714 [Worker-11: Building] INFO  o.e.m.c.i.embedder.EclipseLogger - Using 'UTF-8' encoding to copy filtered resources.
2023-05-03 17:07:07,715 [Worker-11: Building] INFO  o.e.m.c.i.embedder.EclipseLogger - skip non existing resourceDirectory G:\JAVA_FRAMWORK\HIBERNATE\HibernateCORE\src\test\resources
2023-05-03 17:20:45,726 [Worker-25: Building] INFO  o.e.m.c.i.embedder.EclipseLogger - Using 'UTF-8' encoding to copy filtered resources.
2023-05-03 17:20:45,727 [Worker-25: Building] INFO  o.e.m.c.i.embedder.EclipseLogger - skip non existing resourceDirectory G:\JAVA_FRAMWORK\HIBERNATE\HibernateCORE\src\main\resources
2023-05-03 17:20:45,733 [Worker-25: Building] INFO  o.e.m.c.i.embedder.EclipseLogger - Using 'UTF-8' encoding to copy filtered resources.
2023-05-03 17:20:45,734 [Worker-25: Building] INFO  o.e.m.c.i.embedder.EclipseLogger - skip non existing resourceDirectory G:\JAVA_FRAMWORK\HIBERNATE\HibernateCORE\src\test\resources
2023-05-03 17:22:35,895 [Worker-20: Building] INFO  o.e.m.c.i.embedder.EclipseLogger - Using 'UTF-8' encoding to copy filtered resources.
2023-05-03 17:22:35,896 [Worker-20: Building] INFO  o.e.m.c.i.embedder.EclipseLogger - skip non existing resourceDirectory G:\JAVA_FRAMWORK\HIBERNATE\HibernateCORE\src\main\resources
2023-05-03 17:22:35,899 [Worker-20: Building] INFO  o.e.m.c.i.embedder.EclipseLogger - Using 'UTF-8' encoding to copy filtered resources.
2023-05-03 17:22:35,900 [Worker-20: Building] INFO  o.e.m.c.i.embedder.EclipseLogger - skip non existing resourceDirectory G:\JAVA_FRAMWORK\HIBERNATE\HibernateCORE\src\test\resources
2023-05-03 17:23:52,329 [Worker-24: Building] INFO  o.e.m.c.i.embedder.EclipseLogger - Using 'UTF-8' encoding to copy filtered resources.
2023-05-03 17:23:52,329 [Worker-24: Building] INFO  o.e.m.c.i.embedder.EclipseLogger - skip non existing resourceDirectory G:\JAVA_FRAMWORK\HIBERNATE\HibernateCORE\src\main\resources
2023-05-03 17:23:52,331 [Worker-24: Building] INFO  o.e.m.c.i.embedder.EclipseLogger - Using 'UTF-8' encoding to copy filtered resources.
2023-05-03 17:23:52,332 [Worker-24: Building] INFO  o.e.m.c.i.embedder.EclipseLogger - skip non existing resourceDirectory G:\JAVA_FRAMWORK\HIBERNATE\HibernateCORE\src\test\resources
2023-05-03 17:23:54,161 [Worker-20: Building] INFO  o.e.m.c.i.embedder.EclipseLogger - Using 'UTF-8' encoding to copy filtered resources.
2023-05-03 17:23:54,162 [Worker-20: Building] INFO  o.e.m.c.i.embedder.EclipseLogger - skip non existing resourceDirectory G:\JAVA_FRAMWORK\HIBERNATE\HibernateCORE\src\main\resources
2023-05-03 17:23:54,169 [Worker-20: Building] INFO  o.e.m.c.i.embedder.EclipseLogger - Using 'UTF-8' encoding to copy filtered resources.
2023-05-03 17:23:54,170 [Worker-20: Building] INFO  o.e.m.c.i.embedder.EclipseLogger - skip non existing resourceDirectory G:\JAVA_FRAMWORK\HIBERNATE\HibernateCORE\src\test\resources
2023-05-03 17:25:31,653 [Worker-20: Building] INFO  o.e.m.c.i.embedder.EclipseLogger - Using 'UTF-8' encoding to copy filtered resources.
2023-05-03 17:25:31,654 [Worker-20: Building] INFO  o.e.m.c.i.embedder.EclipseLogger - skip non existing resourceDirectory G:\JAVA_FRAMWORK\HIBERNATE\HibernateCORE\src\main\resources
2023-05-03 17:25:31,659 [Worker-20: Building] INFO  o.e.m.c.i.embedder.EclipseLogger - Using 'UTF-8' encoding to copy filtered resources.
2023-05-03 17:25:31,660 [Worker-20: Building] INFO  o.e.m.c.i.embedder.EclipseLogger - skip non existing resourceDirectory G:\JAVA_FRAMWORK\HIBERNATE\HibernateCORE\src\test\resources
2023-05-03 17:26:46,264 [Worker-21: Building] INFO  o.e.m.c.i.embedder.EclipseLogger - Using 'UTF-8' encoding to copy filtered resources.
2023-05-03 17:26:46,267 [Worker-21: Building] INFO  o.e.m.c.i.embedder.EclipseLogger - skip non existing resourceDirectory G:\JAVA_FRAMWORK\HIBERNATE\HibernateCORE\src\main\resources
2023-05-03 17:26:46,275 [Worker-21: Building] INFO  o.e.m.c.i.embedder.EclipseLogger - Using 'UTF-8' encoding to copy filtered resources.
2023-05-03 17:26:46,276 [Worker-21: Building] INFO  o.e.m.c.i.embedder.EclipseLogger - skip non existing resourceDirectory G:\JAVA_FRAMWORK\HIBERNATE\HibernateCORE\src\test\resources
2023-05-03 17:27:47,869 [Worker-21: Building] INFO  o.e.m.c.i.embedder.EclipseLogger - Using 'UTF-8' encoding to copy filtered resources.
2023-05-03 17:27:47,869 [Worker-21: Building] INFO  o.e.m.c.i.embedder.EclipseLogger - skip non existing resourceDirectory G:\JAVA_FRAMWORK\HIBERNATE\HibernateCORE\src\main\resources
2023-05-03 17:27:47,873 [Worker-21: Building] INFO  o.e.m.c.i.embedder.EclipseLogger - Using 'UTF-8' encoding to copy filtered resources.
2023-05-03 17:27:47,873 [Worker-21: Building] INFO  o.e.m.c.i.embedder.EclipseLogger - skip non existing resourceDirectory G:\JAVA_FRAMWORK\HIBERNATE\HibernateCORE\src\test\resources
2023-05-03 17:29:26,081 [Worker-23: Building] INFO  o.e.m.c.i.embedder.EclipseLogger - Using 'UTF-8' encoding to copy filtered resources.
2023-05-03 17:29:26,082 [Worker-23: Building] INFO  o.e.m.c.i.embedder.EclipseLogger - skip non existing resourceDirectory G:\JAVA_FRAMWORK\HIBERNATE\HibernateCORE\src\main\resources
2023-05-03 17:29:26,084 [Worker-23: Building] INFO  o.e.m.c.i.embedder.EclipseLogger - Using 'UTF-8' encoding to copy filtered resources.
2023-05-03 17:29:26,085 [Worker-23: Building] INFO  o.e.m.c.i.embedder.EclipseLogger - skip non existing resourceDirectory G:\JAVA_FRAMWORK\HIBERNATE\HibernateCORE\src\test\resources
2023-05-03 17:30:58,714 [Worker-20: Building] INFO  o.e.m.c.i.embedder.EclipseLogger - Using 'UTF-8' encoding to copy filtered resources.
2023-05-03 17:30:58,714 [Worker-20: Building] INFO  o.e.m.c.i.embedder.EclipseLogger - skip non existing resourceDirectory G:\JAVA_FRAMWORK\HIBERNATE\HibernateCORE\src\main\resources
2023-05-03 17:30:58,718 [Worker-20: Building] INFO  o.e.m.c.i.embedder.EclipseLogger - Using 'UTF-8' encoding to copy filtered resources.
2023-05-03 17:30:58,719 [Worker-20: Building] INFO  o.e.m.c.i.embedder.EclipseLogger - skip non existing resourceDirectory G:\JAVA_FRAMWORK\HIBERNATE\HibernateCORE\src\test\resources
2023-05-03 17:31:17,343 [Worker-20: Building] INFO  o.e.m.c.i.embedder.EclipseLogger - Using 'UTF-8' encoding to copy filtered resources.
2023-05-03 17:31:17,343 [Worker-20: Building] INFO  o.e.m.c.i.embedder.EclipseLogger - skip non existing resourceDirectory G:\JAVA_FRAMWORK\HIBERNATE\HibernateCORE\src\main\resources
2023-05-03 17:31:17,346 [Worker-20: Building] INFO  o.e.m.c.i.embedder.EclipseLogger - Using 'UTF-8' encoding to copy filtered resources.
2023-05-03 17:31:17,347 [Worker-20: Building] INFO  o.e.m.c.i.embedder.EclipseLogger - skip non existing resourceDirectory G:\JAVA_FRAMWORK\HIBERNATE\HibernateCORE\src\test\resources
2023-05-03 17:34:42,387 [Worker-25: Building] INFO  o.e.m.c.i.embedder.EclipseLogger - Using 'UTF-8' encoding to copy filtered resources.
2023-05-03 17:34:42,388 [Worker-25: Building] INFO  o.e.m.c.i.embedder.EclipseLogger - skip non existing resourceDirectory G:\JAVA_FRAMWORK\HIBERNATE\HibernateCORE\src\main\resources
2023-05-03 17:34:42,391 [Worker-25: Building] INFO  o.e.m.c.i.embedder.EclipseLogger - Using 'UTF-8' encoding to copy filtered resources.
2023-05-03 17:34:42,391 [Worker-25: Building] INFO  o.e.m.c.i.embedder.EclipseLogger - skip non existing resourceDirectory G:\JAVA_FRAMWORK\HIBERNATE\HibernateCORE\src\test\resources
2023-05-03 17:37:15,215 [Worker-28: Building] INFO  o.e.m.c.i.embedder.EclipseLogger - Using 'UTF-8' encoding to copy filtered resources.
2023-05-03 17:37:15,215 [Worker-28: Building] INFO  o.e.m.c.i.embedder.EclipseLogger - skip non existing resourceDirectory G:\JAVA_FRAMWORK\HIBERNATE\HibernateCORE\src\main\resources
2023-05-03 17:37:15,218 [Worker-28: Building] INFO  o.e.m.c.i.embedder.EclipseLogger - Using 'UTF-8' encoding to copy filtered resources.
2023-05-03 17:37:15,219 [Worker-28: Building] INFO  o.e.m.c.i.embedder.EclipseLogger - skip non existing resourceDirectory G:\JAVA_FRAMWORK\HIBERNATE\HibernateCORE\src\test\resources
2023-05-03 17:37:22,687 [Worker-28: Building] INFO  o.e.m.c.i.embedder.EclipseLogger - Using 'UTF-8' encoding to copy filtered resources.
2023-05-03 17:37:22,688 [Worker-28: Building] INFO  o.e.m.c.i.embedder.EclipseLogger - skip non existing resourceDirectory G:\JAVA_FRAMWORK\HIBERNATE\HibernateCORE\src\main\resources
2023-05-03 17:37:22,692 [Worker-28: Building] INFO  o.e.m.c.i.embedder.EclipseLogger - Using 'UTF-8' encoding to copy filtered resources.
2023-05-03 17:37:22,692 [Worker-28: Building] INFO  o.e.m.c.i.embedder.EclipseLogger - skip non existing resourceDirectory G:\JAVA_FRAMWORK\HIBERNATE\HibernateCORE\src\test\resources
2023-05-03 17:38:39,126 [Worker-20: Building] INFO  o.e.m.c.i.embedder.EclipseLogger - Using 'UTF-8' encoding to copy filtered resources.
2023-05-03 17:38:39,127 [Worker-20: Building] INFO  o.e.m.c.i.embedder.EclipseLogger - skip non existing resourceDirectory G:\JAVA_FRAMWORK\HIBERNATE\HibernateCORE\src\main\resources
2023-05-03 17:38:39,131 [Worker-20: Building] INFO  o.e.m.c.i.embedder.EclipseLogger - Using 'UTF-8' encoding to copy filtered resources.
2023-05-03 17:38:39,132 [Worker-20: Building] INFO  o.e.m.c.i.embedder.EclipseLogger - skip non existing resourceDirectory G:\JAVA_FRAMWORK\HIBERNATE\HibernateCORE\src\test\resources
2023-05-03 17:38:53,173 [Worker-21: Building] INFO  o.e.m.c.i.embedder.EclipseLogger - Using 'UTF-8' encoding to copy filtered resources.
2023-05-03 17:38:53,173 [Worker-21: Building] INFO  o.e.m.c.i.embedder.EclipseLogger - skip non existing resourceDirectory G:\JAVA_FRAMWORK\HIBERNATE\HibernateCORE\src\main\resources
2023-05-03 17:38:53,177 [Worker-21: Building] INFO  o.e.m.c.i.embedder.EclipseLogger - Using 'UTF-8' encoding to copy filtered resources.
2023-05-03 17:38:53,178 [Worker-21: Building] INFO  o.e.m.c.i.embedder.EclipseLogger - skip non existing resourceDirectory G:\JAVA_FRAMWORK\HIBERNATE\HibernateCORE\src\test\resources
2023-05-03 17:40:04,976 [Worker-29: Building] INFO  o.e.m.c.i.embedder.EclipseLogger - Using 'UTF-8' encoding to copy filtered resources.
2023-05-03 17:40:04,976 [Worker-29: Building] INFO  o.e.m.c.i.embedder.EclipseLogger - skip non existing resourceDirectory G:\JAVA_FRAMWORK\HIBERNATE\HibernateCORE\src\main\resources
2023-05-03 17:40:04,979 [Worker-29: Building] INFO  o.e.m.c.i.embedder.EclipseLogger - Using 'UTF-8' encoding to copy filtered resources.
2023-05-03 17:40:04,980 [Worker-29: Building] INFO  o.e.m.c.i.embedder.EclipseLogger - skip non existing resourceDirectory G:\JAVA_FRAMWORK\HIBERNATE\HibernateCORE\src\test\resources
2023-05-03 17:40:49,686 [Worker-21: Building] INFO  o.e.m.c.i.embedder.EclipseLogger - Using 'UTF-8' encoding to copy filtered resources.
2023-05-03 17:40:49,687 [Worker-21: Building] INFO  o.e.m.c.i.embedder.EclipseLogger - skip non existing resourceDirectory G:\JAVA_FRAMWORK\HIBERNATE\HibernateCORE\src\main\resources
2023-05-03 17:40:49,691 [Worker-21: Building] INFO  o.e.m.c.i.embedder.EclipseLogger - Using 'UTF-8' encoding to copy filtered resources.
2023-05-03 17:40:49,691 [Worker-21: Building] INFO  o.e.m.c.i.embedder.EclipseLogger - skip non existing resourceDirectory G:\JAVA_FRAMWORK\HIBERNATE\HibernateCORE\src\test\resources
2023-05-03 17:41:19,916 [Worker-29: Building] INFO  o.e.m.c.i.embedder.EclipseLogger - Using 'UTF-8' encoding to copy filtered resources.
2023-05-03 17:41:19,916 [Worker-29: Building] INFO  o.e.m.c.i.embedder.EclipseLogger - skip non existing resourceDirectory G:\JAVA_FRAMWORK\HIBERNATE\HibernateCORE\src\main\resources
2023-05-03 17:41:19,919 [Worker-29: Building] INFO  o.e.m.c.i.embedder.EclipseLogger - Using 'UTF-8' encoding to copy filtered resources.
2023-05-03 17:41:19,920 [Worker-29: Building] INFO  o.e.m.c.i.embedder.EclipseLogger - skip non existing resourceDirectory G:\JAVA_FRAMWORK\HIBERNATE\HibernateCORE\src\test\resources
2023-05-03 17:43:11,377 [Worker-27: Building] INFO  o.e.m.c.i.embedder.EclipseLogger - Using 'UTF-8' encoding to copy filtered resources.
2023-05-03 17:43:11,378 [Worker-27: Building] INFO  o.e.m.c.i.embedder.EclipseLogger - skip non existing resourceDirectory G:\JAVA_FRAMWORK\HIBERNATE\HibernateCORE\src\main\resources
2023-05-03 17:43:11,380 [Worker-27: Building] INFO  o.e.m.c.i.embedder.EclipseLogger - Using 'UTF-8' encoding to copy filtered resources.
2023-05-03 17:43:11,380 [Worker-27: Building] INFO  o.e.m.c.i.embedder.EclipseLogger - skip non existing resourceDirectory G:\JAVA_FRAMWORK\HIBERNATE\HibernateCORE\src\test\resources
2023-05-03 17:43:57,496 [Worker-30: Building] INFO  o.e.m.c.i.embedder.EclipseLogger - Using 'UTF-8' encoding to copy filtered resources.
2023-05-03 17:43:57,496 [Worker-30: Building] INFO  o.e.m.c.i.embedder.EclipseLogger - skip non existing resourceDirectory G:\JAVA_FRAMWORK\HIBERNATE\HibernateCORE\src\main\resources
2023-05-03 17:43:57,499 [Worker-30: Building] INFO  o.e.m.c.i.embedder.EclipseLogger - Using 'UTF-8' encoding to copy filtered resources.
2023-05-03 17:43:57,500 [Worker-30: Building] INFO  o.e.m.c.i.embedder.EclipseLogger - skip non existing resourceDirectory G:\JAVA_FRAMWORK\HIBERNATE\HibernateCORE\src\test\resources
2023-05-03 17:44:24,503 [Worker-27: Building] INFO  o.e.m.c.i.embedder.EclipseLogger - Using 'UTF-8' encoding to copy filtered resources.
2023-05-03 17:44:24,503 [Worker-27: Building] INFO  o.e.m.c.i.embedder.EclipseLogger - skip non existing resourceDirectory G:\JAVA_FRAMWORK\HIBERNATE\HibernateCORE\src\main\resources
2023-05-03 17:44:24,507 [Worker-27: Building] INFO  o.e.m.c.i.embedder.EclipseLogger - Using 'UTF-8' encoding to copy filtered resources.
2023-05-03 17:44:24,507 [Worker-27: Building] INFO  o.e.m.c.i.embedder.EclipseLogger - skip non existing resourceDirectory G:\JAVA_FRAMWORK\HIBERNATE\HibernateCORE\src\test\resources
2023-05-03 17:45:06,797 [Worker-27: Building] INFO  o.e.m.c.i.embedder.EclipseLogger - Using 'UTF-8' encoding to copy filtered resources.
2023-05-03 17:45:06,797 [Worker-27: Building] INFO  o.e.m.c.i.embedder.EclipseLogger - skip non existing resourceDirectory G:\JAVA_FRAMWORK\HIBERNATE\HibernateCORE\src\main\resources
2023-05-03 17:45:06,801 [Worker-27: Building] INFO  o.e.m.c.i.embedder.EclipseLogger - Using 'UTF-8' encoding to copy filtered resources.
2023-05-03 17:45:06,801 [Worker-27: Building] INFO  o.e.m.c.i.embedder.EclipseLogger - skip non existing resourceDirectory G:\JAVA_FRAMWORK\HIBERNATE\HibernateCORE\src\test\resources
2023-05-03 17:46:01,219 [Worker-27: Building] INFO  o.e.m.c.i.embedder.EclipseLogger - Using 'UTF-8' encoding to copy filtered resources.
2023-05-03 17:46:01,220 [Worker-27: Building] INFO  o.e.m.c.i.embedder.EclipseLogger - skip non existing resourceDirectory G:\JAVA_FRAMWORK\HIBERNATE\HibernateCORE\src\main\resources
2023-05-03 17:46:01,223 [Worker-27: Building] INFO  o.e.m.c.i.embedder.EclipseLogger - Using 'UTF-8' encoding to copy filtered resources.
2023-05-03 17:46:01,223 [Worker-27: Building] INFO  o.e.m.c.i.embedder.EclipseLogger - skip non existing resourceDirectory G:\JAVA_FRAMWORK\HIBERNATE\HibernateCORE\src\test\resources
2023-05-03 17:46:04,701 [Worker-30: Building] INFO  o.e.m.c.i.embedder.EclipseLogger - Using 'UTF-8' encoding to copy filtered resources.
2023-05-03 17:46:04,702 [Worker-30: Building] INFO  o.e.m.c.i.embedder.EclipseLogger - skip non existing resourceDirectory G:\JAVA_FRAMWORK\HIBERNATE\HibernateCORE\src\main\resources
2023-05-03 17:46:04,705 [Worker-30: Building] INFO  o.e.m.c.i.embedder.EclipseLogger - Using 'UTF-8' encoding to copy filtered resources.
2023-05-03 17:46:04,705 [Worker-30: Building] INFO  o.e.m.c.i.embedder.EclipseLogger - skip non existing resourceDirectory G:\JAVA_FRAMWORK\HIBERNATE\HibernateCORE\src\test\resources
2023-05-03 17:47:06,210 [Worker-28: Building] INFO  o.e.m.c.i.embedder.EclipseLogger - Using 'UTF-8' encoding to copy filtered resources.
2023-05-03 17:47:06,210 [Worker-28: Building] INFO  o.e.m.c.i.embedder.EclipseLogger - skip non existing resourceDirectory G:\JAVA_FRAMWORK\HIBERNATE\HibernateCORE\src\main\resources
2023-05-03 17:47:06,213 [Worker-28: Building] INFO  o.e.m.c.i.embedder.EclipseLogger - Using 'UTF-8' encoding to copy filtered resources.
2023-05-03 17:47:06,214 [Worker-28: Building] INFO  o.e.m.c.i.embedder.EclipseLogger - skip non existing resourceDirectory G:\JAVA_FRAMWORK\HIBERNATE\HibernateCORE\src\test\resources
2023-05-03 17:48:18,703 [Worker-27: Building] INFO  o.e.m.c.i.embedder.EclipseLogger - Using 'UTF-8' encoding to copy filtered resources.
2023-05-03 17:48:18,703 [Worker-27: Building] INFO  o.e.m.c.i.embedder.EclipseLogger - skip non existing resourceDirectory G:\JAVA_FRAMWORK\HIBERNATE\HibernateCORE\src\main\resources
2023-05-03 17:48:18,707 [Worker-27: Building] INFO  o.e.m.c.i.embedder.EclipseLogger - Using 'UTF-8' encoding to copy filtered resources.
2023-05-03 17:48:18,707 [Worker-27: Building] INFO  o.e.m.c.i.embedder.EclipseLogger - skip non existing resourceDirectory G:\JAVA_FRAMWORK\HIBERNATE\HibernateCORE\src\test\resources
2023-05-03 17:50:12,806 [Worker-20: Building] INFO  o.e.m.c.i.embedder.EclipseLogger - Using 'UTF-8' encoding to copy filtered resources.
2023-05-03 17:50:12,806 [Worker-20: Building] INFO  o.e.m.c.i.embedder.EclipseLogger - skip non existing resourceDirectory G:\JAVA_FRAMWORK\HIBERNATE\HibernateCORE\src\main\resources
2023-05-03 17:50:12,814 [Worker-20: Building] INFO  o.e.m.c.i.embedder.EclipseLogger - Using 'UTF-8' encoding to copy filtered resources.
2023-05-03 17:50:12,815 [Worker-20: Building] INFO  o.e.m.c.i.embedder.EclipseLogger - skip non existing resourceDirectory G:\JAVA_FRAMWORK\HIBERNATE\HibernateCORE\src\test\resources
2023-05-03 18:01:00,955 [Worker-20: Building] INFO  o.e.m.c.i.embedder.EclipseLogger - Using 'UTF-8' encoding to copy filtered resources.
2023-05-03 18:01:00,956 [Worker-20: Building] INFO  o.e.m.c.i.embedder.EclipseLogger - skip non existing resourceDirectory G:\JAVA_FRAMWORK\HIBERNATE\HibernateCORE\src\main\resources
2023-05-03 18:01:00,963 [Worker-20: Building] INFO  o.e.m.c.i.embedder.EclipseLogger - Using 'UTF-8' encoding to copy filtered resources.
2023-05-03 18:01:00,964 [Worker-20: Building] INFO  o.e.m.c.i.embedder.EclipseLogger - skip non existing resourceDirectory G:\JAVA_FRAMWORK\HIBERNATE\HibernateCORE\src\test\resources
2023-05-03 18:09:16,288 [Worker-0: Loading available Gradle versions] INFO  o.e.b.c.i.u.g.PublishedGradleVersions - Gradle version information cache is up-to-date. Trying to read.
2023-05-04 07:53:40,913 [Worker-11: Loading available Gradle versions] INFO  o.e.b.c.i.u.g.PublishedGradleVersions - Gradle version information cache is up-to-date. Trying to read.
2023-05-04 08:30:30,585 [Worker-14: Building] INFO  o.e.m.c.i.embedder.EclipseLogger - Using 'UTF-8' encoding to copy filtered resources.
2023-05-04 08:30:30,588 [Worker-14: Building] INFO  o.e.m.c.i.embedder.EclipseLogger - skip non existing resourceDirectory G:\JAVA_FRAMWORK\HIBERNATE\HibernateCORE\src\main\resources
2023-05-04 08:30:30,598 [Worker-14: Building] INFO  o.e.m.c.i.embedder.EclipseLogger - Using 'UTF-8' encoding to copy filtered resources.
2023-05-04 08:30:30,599 [Worker-14: Building] INFO  o.e.m.c.i.embedder.EclipseLogger - skip non existing resourceDirectory G:\JAVA_FRAMWORK\HIBERNATE\HibernateCORE\src\test\resources
2023-05-04 08:31:15,607 [Worker-17: Building] INFO  o.e.m.c.i.embedder.EclipseLogger - Using 'UTF-8' encoding to copy filtered resources.
2023-05-04 08:31:15,607 [Worker-17: Building] INFO  o.e.m.c.i.embedder.EclipseLogger - skip non existing resourceDirectory G:\JAVA_FRAMWORK\HIBERNATE\HibernateCORE\src\main\resources
2023-05-04 08:31:15,611 [Worker-17: Building] INFO  o.e.m.c.i.embedder.EclipseLogger - Using 'UTF-8' encoding to copy filtered resources.
2023-05-04 08:31:15,612 [Worker-17: Building] INFO  o.e.m.c.i.embedder.EclipseLogger - skip non existing resourceDirectory G:\JAVA_FRAMWORK\HIBERNATE\HibernateCORE\src\test\resources
2023-05-04 08:59:07,443 [Worker-11: Loading available Gradle versions] INFO  o.e.b.c.i.u.g.PublishedGradleVersions - Gradle version information cache is up-to-date. Trying to read.
2023-05-04 09:19:10,636 [Worker-9: Loading available Gradle versions] INFO  o.e.b.c.i.u.g.PublishedGradleVersions - Gradle version information cache is up-to-date. Trying to read.
2023-05-04 09:31:47,867 [Worker-2: Loading available Gradle versions] INFO  o.e.b.c.i.u.g.PublishedGradleVersions - Gradle version information cache is up-to-date. Trying to read.
2023-05-04 09:55:28,403 [Worker-5: Loading available Gradle versions] INFO  o.e.b.c.i.u.g.PublishedGradleVersions - Gradle version information cache is up-to-date. Trying to read.
